::1 - - [03/Jun/2016:07:57:38 +0000] "GET / HTTP/1.1" 304 - "-" "Mozilla/5.0 (Windows NT 10.0; WOW64) AppleWebKit/537.36 (KHTML, like Gecko) Chrome/50.0.2661.102 Safari/537.36"
::1 - - [03/Jun/2016:07:57:38 +0000] "GET /stylesheets/common.css HTTP/1.1" 304 - "http://localhost:8000/" "Mozilla/5.0 (Windows NT 10.0; WOW64) AppleWebKit/537.36 (KHTML, like Gecko) Chrome/50.0.2661.102 Safari/537.36"
::1 - - [03/Jun/2016:07:57:38 +0000] "GET /stylesheets/index.css HTTP/1.1" 304 - "http://localhost:8000/" "Mozilla/5.0 (Windows NT 10.0; WOW64) AppleWebKit/537.36 (KHTML, like Gecko) Chrome/50.0.2661.102 Safari/537.36"
::1 - - [03/Jun/2016:07:57:38 +0000] "GET /stylesheets/bootstrap.min.css HTTP/1.1" 304 - "http://localhost:8000/" "Mozilla/5.0 (Windows NT 10.0; WOW64) AppleWebKit/537.36 (KHTML, like Gecko) Chrome/50.0.2661.102 Safari/537.36"
::1 - - [03/Jun/2016:07:57:38 +0000] "GET /javascripts/libs/jquery-2.2.2.min.js HTTP/1.1" 304 - "http://localhost:8000/" "Mozilla/5.0 (Windows NT 10.0; WOW64) AppleWebKit/537.36 (KHTML, like Gecko) Chrome/50.0.2661.102 Safari/537.36"
::1 - - [03/Jun/2016:07:57:38 +0000] "GET /javascripts/libs/jquery.cookie.js HTTP/1.1" 304 - "http://localhost:8000/" "Mozilla/5.0 (Windows NT 10.0; WOW64) AppleWebKit/537.36 (KHTML, like Gecko) Chrome/50.0.2661.102 Safari/537.36"
::1 - - [03/Jun/2016:07:57:38 +0000] "GET /javascripts/libs/bootstrap.min.js HTTP/1.1" 304 - "http://localhost:8000/" "Mozilla/5.0 (Windows NT 10.0; WOW64) AppleWebKit/537.36 (KHTML, like Gecko) Chrome/50.0.2661.102 Safari/537.36"
::1 - - [03/Jun/2016:07:57:38 +0000] "GET /javascripts/index.js HTTP/1.1" 304 - "http://localhost:8000/" "Mozilla/5.0 (Windows NT 10.0; WOW64) AppleWebKit/537.36 (KHTML, like Gecko) Chrome/50.0.2661.102 Safari/537.36"
::1 - - [03/Jun/2016:07:57:38 +0000] "GET /upload/2016/4/14638213418637img0.jpg HTTP/1.1" 304 - "http://localhost:8000/" "Mozilla/5.0 (Windows NT 10.0; WOW64) AppleWebKit/537.36 (KHTML, like Gecko) Chrome/50.0.2661.102 Safari/537.36"
::1 - - [03/Jun/2016:07:57:38 +0000] "GET /upload/2016/4/14638212358347img0.jpg HTTP/1.1" 304 - "http://localhost:8000/" "Mozilla/5.0 (Windows NT 10.0; WOW64) AppleWebKit/537.36 (KHTML, like Gecko) Chrome/50.0.2661.102 Safari/537.36"
::1 - - [03/Jun/2016:07:57:38 +0000] "GET /upload/2016/4/14638190086207img0.jpg HTTP/1.1" 304 - "http://localhost:8000/" "Mozilla/5.0 (Windows NT 10.0; WOW64) AppleWebKit/537.36 (KHTML, like Gecko) Chrome/50.0.2661.102 Safari/537.36"
::1 - - [03/Jun/2016:07:57:38 +0000] "GET /upload/2016/4/14638189175317img0.jpg HTTP/1.1" 304 - "http://localhost:8000/" "Mozilla/5.0 (Windows NT 10.0; WOW64) AppleWebKit/537.36 (KHTML, like Gecko) Chrome/50.0.2661.102 Safari/537.36"
::1 - - [03/Jun/2016:07:57:38 +0000] "GET /upload/2016/4/14638187541877img0.jpg HTTP/1.1" 304 - "http://localhost:8000/" "Mozilla/5.0 (Windows NT 10.0; WOW64) AppleWebKit/537.36 (KHTML, like Gecko) Chrome/50.0.2661.102 Safari/537.36"
::1 - - [03/Jun/2016:07:57:38 +0000] "GET /upload/2016/4/14638186460117img0.jpg HTTP/1.1" 304 - "http://localhost:8000/" "Mozilla/5.0 (Windows NT 10.0; WOW64) AppleWebKit/537.36 (KHTML, like Gecko) Chrome/50.0.2661.102 Safari/537.36"
::1 - - [03/Jun/2016:07:57:38 +0000] "GET /upload/2016/4/14638185552157img0.jpg HTTP/1.1" 304 - "http://localhost:8000/" "Mozilla/5.0 (Windows NT 10.0; WOW64) AppleWebKit/537.36 (KHTML, like Gecko) Chrome/50.0.2661.102 Safari/537.36"
::1 - - [03/Jun/2016:07:57:38 +0000] "GET /upload/2016/4/14638170320917img0.jpg HTTP/1.1" 304 - "http://localhost:8000/" "Mozilla/5.0 (Windows NT 10.0; WOW64) AppleWebKit/537.36 (KHTML, like Gecko) Chrome/50.0.2661.102 Safari/537.36"
::1 - - [03/Jun/2016:07:57:41 +0000] "GET /storema HTTP/1.1" 200 33700 "http://localhost:8000/" "Mozilla/5.0 (Windows NT 10.0; WOW64) AppleWebKit/537.36 (KHTML, like Gecko) Chrome/50.0.2661.102 Safari/537.36"
::1 - - [03/Jun/2016:07:57:41 +0000] "GET /stylesheets/common.css HTTP/1.1" 304 - "http://localhost:8000/storema" "Mozilla/5.0 (Windows NT 10.0; WOW64) AppleWebKit/537.36 (KHTML, like Gecko) Chrome/50.0.2661.102 Safari/537.36"
::1 - - [03/Jun/2016:07:57:41 +0000] "GET /stylesheets/storema.css HTTP/1.1" 304 - "http://localhost:8000/storema" "Mozilla/5.0 (Windows NT 10.0; WOW64) AppleWebKit/537.36 (KHTML, like Gecko) Chrome/50.0.2661.102 Safari/537.36"
::1 - - [03/Jun/2016:07:57:41 +0000] "GET /stylesheets/bootstrap.min.css HTTP/1.1" 304 - "http://localhost:8000/storema" "Mozilla/5.0 (Windows NT 10.0; WOW64) AppleWebKit/537.36 (KHTML, like Gecko) Chrome/50.0.2661.102 Safari/537.36"
::1 - - [03/Jun/2016:07:57:41 +0000] "GET /javascripts/libs/jquery-2.2.2.min.js HTTP/1.1" 304 - "http://localhost:8000/storema" "Mozilla/5.0 (Windows NT 10.0; WOW64) AppleWebKit/537.36 (KHTML, like Gecko) Chrome/50.0.2661.102 Safari/537.36"
::1 - - [03/Jun/2016:07:57:41 +0000] "GET /javascripts/libs/jquery.cookie.js HTTP/1.1" 304 - "http://localhost:8000/storema" "Mozilla/5.0 (Windows NT 10.0; WOW64) AppleWebKit/537.36 (KHTML, like Gecko) Chrome/50.0.2661.102 Safari/537.36"
::1 - - [03/Jun/2016:07:57:41 +0000] "GET /javascripts/libs/bootstrap.min.js HTTP/1.1" 304 - "http://localhost:8000/storema" "Mozilla/5.0 (Windows NT 10.0; WOW64) AppleWebKit/537.36 (KHTML, like Gecko) Chrome/50.0.2661.102 Safari/537.36"
::1 - - [03/Jun/2016:07:57:41 +0000] "GET /javascripts/storema.js HTTP/1.1" 304 - "http://localhost:8000/storema" "Mozilla/5.0 (Windows NT 10.0; WOW64) AppleWebKit/537.36 (KHTML, like Gecko) Chrome/50.0.2661.102 Safari/537.36"
::1 - - [03/Jun/2016:07:57:42 +0000] "GET /storema/chat HTTP/1.1" 304 - "http://localhost:8000/storema" "Mozilla/5.0 (Windows NT 10.0; WOW64) AppleWebKit/537.36 (KHTML, like Gecko) Chrome/50.0.2661.102 Safari/537.36"
::1 - - [03/Jun/2016:07:57:42 +0000] "GET /stylesheets/common.css HTTP/1.1" 304 - "http://localhost:8000/storema/chat" "Mozilla/5.0 (Windows NT 10.0; WOW64) AppleWebKit/537.36 (KHTML, like Gecko) Chrome/50.0.2661.102 Safari/537.36"
::1 - - [03/Jun/2016:07:57:42 +0000] "GET /stylesheets/storema.css HTTP/1.1" 304 - "http://localhost:8000/storema/chat" "Mozilla/5.0 (Windows NT 10.0; WOW64) AppleWebKit/537.36 (KHTML, like Gecko) Chrome/50.0.2661.102 Safari/537.36"
::1 - - [03/Jun/2016:07:57:42 +0000] "GET /stylesheets/bootstrap.min.css HTTP/1.1" 304 - "http://localhost:8000/storema/chat" "Mozilla/5.0 (Windows NT 10.0; WOW64) AppleWebKit/537.36 (KHTML, like Gecko) Chrome/50.0.2661.102 Safari/537.36"
::1 - - [03/Jun/2016:07:57:42 +0000] "GET /javascripts/libs/jquery-2.2.2.min.js HTTP/1.1" 304 - "http://localhost:8000/storema/chat" "Mozilla/5.0 (Windows NT 10.0; WOW64) AppleWebKit/537.36 (KHTML, like Gecko) Chrome/50.0.2661.102 Safari/537.36"
::1 - - [03/Jun/2016:07:57:42 +0000] "GET /javascripts/chatlist.js HTTP/1.1" 304 - "http://localhost:8000/storema/chat" "Mozilla/5.0 (Windows NT 10.0; WOW64) AppleWebKit/537.36 (KHTML, like Gecko) Chrome/50.0.2661.102 Safari/537.36"
::1 - - [03/Jun/2016:07:57:42 +0000] "GET /javascripts/libs/jquery.cookie.js HTTP/1.1" 304 - "http://localhost:8000/storema/chat" "Mozilla/5.0 (Windows NT 10.0; WOW64) AppleWebKit/537.36 (KHTML, like Gecko) Chrome/50.0.2661.102 Safari/537.36"
::1 - - [03/Jun/2016:07:57:42 +0000] "GET /javascripts/libs/bootstrap.min.js HTTP/1.1" 304 - "http://localhost:8000/storema/chat" "Mozilla/5.0 (Windows NT 10.0; WOW64) AppleWebKit/537.36 (KHTML, like Gecko) Chrome/50.0.2661.102 Safari/537.36"
::1 - - [03/Jun/2016:07:57:43 +0000] "GET /fonts/glyphicons-halflings-regular.woff2 HTTP/1.1" 304 - "http://localhost:8000/stylesheets/bootstrap.min.css" "Mozilla/5.0 (Windows NT 10.0; WOW64) AppleWebKit/537.36 (KHTML, like Gecko) Chrome/50.0.2661.102 Safari/537.36"
::1 - - [03/Jun/2016:07:57:44 +0000] "GET /chat/u9s5 HTTP/1.1" 200 3331 "http://localhost:8000/storema/chat" "Mozilla/5.0 (Windows NT 10.0; WOW64) AppleWebKit/537.36 (KHTML, like Gecko) Chrome/50.0.2661.102 Safari/537.36"
::1 - - [03/Jun/2016:07:57:44 +0000] "GET /stylesheets/chat.css HTTP/1.1" 304 - "http://localhost:8000/chat/u9s5" "Mozilla/5.0 (Windows NT 10.0; WOW64) AppleWebKit/537.36 (KHTML, like Gecko) Chrome/50.0.2661.102 Safari/537.36"
::1 - - [03/Jun/2016:07:57:44 +0000] "GET /stylesheets/bootstrap.min.css HTTP/1.1" 304 - "http://localhost:8000/chat/u9s5" "Mozilla/5.0 (Windows NT 10.0; WOW64) AppleWebKit/537.36 (KHTML, like Gecko) Chrome/50.0.2661.102 Safari/537.36"
::1 - - [03/Jun/2016:07:57:44 +0000] "GET /javascripts/libs/jquery-2.2.2.min.js HTTP/1.1" 304 - "http://localhost:8000/chat/u9s5" "Mozilla/5.0 (Windows NT 10.0; WOW64) AppleWebKit/537.36 (KHTML, like Gecko) Chrome/50.0.2661.102 Safari/537.36"
::1 - - [03/Jun/2016:07:57:44 +0000] "GET /javascripts/libs/jquery.cookie.js HTTP/1.1" 304 - "http://localhost:8000/chat/u9s5" "Mozilla/5.0 (Windows NT 10.0; WOW64) AppleWebKit/537.36 (KHTML, like Gecko) Chrome/50.0.2661.102 Safari/537.36"
::1 - - [03/Jun/2016:07:57:44 +0000] "GET /javascripts/libs/socket.io.js HTTP/1.1" 304 - "http://localhost:8000/chat/u9s5" "Mozilla/5.0 (Windows NT 10.0; WOW64) AppleWebKit/537.36 (KHTML, like Gecko) Chrome/50.0.2661.102 Safari/537.36"
::1 - - [03/Jun/2016:07:57:44 +0000] "GET /javascripts/chat.js HTTP/1.1" 304 - "http://localhost:8000/chat/u9s5" "Mozilla/5.0 (Windows NT 10.0; WOW64) AppleWebKit/537.36 (KHTML, like Gecko) Chrome/50.0.2661.102 Safari/537.36"
::1 - - [03/Jun/2016:07:58:14 +0000] "GET /storema/chat HTTP/1.1" 304 - "http://localhost:8000/storema/chat" "Mozilla/5.0 (Windows NT 10.0; WOW64) AppleWebKit/537.36 (KHTML, like Gecko) Chrome/50.0.2661.102 Safari/537.36"
::1 - - [03/Jun/2016:07:58:14 +0000] "GET /stylesheets/common.css HTTP/1.1" 304 - "http://localhost:8000/storema/chat" "Mozilla/5.0 (Windows NT 10.0; WOW64) AppleWebKit/537.36 (KHTML, like Gecko) Chrome/50.0.2661.102 Safari/537.36"
::1 - - [03/Jun/2016:07:58:14 +0000] "GET /stylesheets/storema.css HTTP/1.1" 304 - "http://localhost:8000/storema/chat" "Mozilla/5.0 (Windows NT 10.0; WOW64) AppleWebKit/537.36 (KHTML, like Gecko) Chrome/50.0.2661.102 Safari/537.36"
::1 - - [03/Jun/2016:07:58:14 +0000] "GET /stylesheets/bootstrap.min.css HTTP/1.1" 304 - "http://localhost:8000/storema/chat" "Mozilla/5.0 (Windows NT 10.0; WOW64) AppleWebKit/537.36 (KHTML, like Gecko) Chrome/50.0.2661.102 Safari/537.36"
::1 - - [03/Jun/2016:07:58:14 +0000] "GET /javascripts/libs/jquery-2.2.2.min.js HTTP/1.1" 304 - "http://localhost:8000/storema/chat" "Mozilla/5.0 (Windows NT 10.0; WOW64) AppleWebKit/537.36 (KHTML, like Gecko) Chrome/50.0.2661.102 Safari/537.36"
::1 - - [03/Jun/2016:07:58:14 +0000] "GET /javascripts/libs/jquery.cookie.js HTTP/1.1" 304 - "http://localhost:8000/storema/chat" "Mozilla/5.0 (Windows NT 10.0; WOW64) AppleWebKit/537.36 (KHTML, like Gecko) Chrome/50.0.2661.102 Safari/537.36"
::1 - - [03/Jun/2016:07:58:14 +0000] "GET /javascripts/chatlist.js HTTP/1.1" 304 - "http://localhost:8000/storema/chat" "Mozilla/5.0 (Windows NT 10.0; WOW64) AppleWebKit/537.36 (KHTML, like Gecko) Chrome/50.0.2661.102 Safari/537.36"
::1 - - [03/Jun/2016:07:58:14 +0000] "GET /javascripts/libs/bootstrap.min.js HTTP/1.1" 304 - "http://localhost:8000/storema/chat" "Mozilla/5.0 (Windows NT 10.0; WOW64) AppleWebKit/537.36 (KHTML, like Gecko) Chrome/50.0.2661.102 Safari/537.36"
::1 - - [03/Jun/2016:07:58:14 +0000] "GET /fonts/glyphicons-halflings-regular.woff2 HTTP/1.1" 304 - "http://localhost:8000/chat/u9s5" "Mozilla/5.0 (Windows NT 10.0; WOW64) AppleWebKit/537.36 (KHTML, like Gecko) Chrome/50.0.2661.102 Safari/537.36"
::1 - - [03/Jun/2016:07:58:44 +0000] "GET /storema/chat HTTP/1.1" 304 - "http://localhost:8000/storema/chat" "Mozilla/5.0 (Windows NT 10.0; WOW64) AppleWebKit/537.36 (KHTML, like Gecko) Chrome/50.0.2661.102 Safari/537.36"
::1 - - [03/Jun/2016:07:58:45 +0000] "GET /stylesheets/common.css HTTP/1.1" 304 - "http://localhost:8000/storema/chat" "Mozilla/5.0 (Windows NT 10.0; WOW64) AppleWebKit/537.36 (KHTML, like Gecko) Chrome/50.0.2661.102 Safari/537.36"
::1 - - [03/Jun/2016:07:58:45 +0000] "GET /stylesheets/storema.css HTTP/1.1" 304 - "http://localhost:8000/storema/chat" "Mozilla/5.0 (Windows NT 10.0; WOW64) AppleWebKit/537.36 (KHTML, like Gecko) Chrome/50.0.2661.102 Safari/537.36"
::1 - - [03/Jun/2016:07:58:45 +0000] "GET /stylesheets/bootstrap.min.css HTTP/1.1" 304 - "http://localhost:8000/storema/chat" "Mozilla/5.0 (Windows NT 10.0; WOW64) AppleWebKit/537.36 (KHTML, like Gecko) Chrome/50.0.2661.102 Safari/537.36"
::1 - - [03/Jun/2016:07:58:45 +0000] "GET /javascripts/libs/jquery-2.2.2.min.js HTTP/1.1" 304 - "http://localhost:8000/storema/chat" "Mozilla/5.0 (Windows NT 10.0; WOW64) AppleWebKit/537.36 (KHTML, like Gecko) Chrome/50.0.2661.102 Safari/537.36"
::1 - - [03/Jun/2016:07:58:45 +0000] "GET /javascripts/libs/jquery.cookie.js HTTP/1.1" 304 - "http://localhost:8000/storema/chat" "Mozilla/5.0 (Windows NT 10.0; WOW64) AppleWebKit/537.36 (KHTML, like Gecko) Chrome/50.0.2661.102 Safari/537.36"
::1 - - [03/Jun/2016:07:58:45 +0000] "GET /javascripts/chatlist.js HTTP/1.1" 304 - "http://localhost:8000/storema/chat" "Mozilla/5.0 (Windows NT 10.0; WOW64) AppleWebKit/537.36 (KHTML, like Gecko) Chrome/50.0.2661.102 Safari/537.36"
::1 - - [03/Jun/2016:07:58:45 +0000] "GET /javascripts/libs/bootstrap.min.js HTTP/1.1" 304 - "http://localhost:8000/storema/chat" "Mozilla/5.0 (Windows NT 10.0; WOW64) AppleWebKit/537.36 (KHTML, like Gecko) Chrome/50.0.2661.102 Safari/537.36"
::1 - - [03/Jun/2016:07:58:45 +0000] "GET /fonts/glyphicons-halflings-regular.woff2 HTTP/1.1" 304 - "http://localhost:8000/storema/chat" "Mozilla/5.0 (Windows NT 10.0; WOW64) AppleWebKit/537.36 (KHTML, like Gecko) Chrome/50.0.2661.102 Safari/537.36"
::1 - - [03/Jun/2016:07:59:16 +0000] "GET /storema/chat HTTP/1.1" 304 - "http://localhost:8000/storema/chat" "Mozilla/5.0 (Windows NT 10.0; WOW64) AppleWebKit/537.36 (KHTML, like Gecko) Chrome/50.0.2661.102 Safari/537.36"
::1 - - [03/Jun/2016:07:59:16 +0000] "GET /stylesheets/common.css HTTP/1.1" 304 - "http://localhost:8000/storema/chat" "Mozilla/5.0 (Windows NT 10.0; WOW64) AppleWebKit/537.36 (KHTML, like Gecko) Chrome/50.0.2661.102 Safari/537.36"
::1 - - [03/Jun/2016:07:59:16 +0000] "GET /stylesheets/storema.css HTTP/1.1" 304 - "http://localhost:8000/storema/chat" "Mozilla/5.0 (Windows NT 10.0; WOW64) AppleWebKit/537.36 (KHTML, like Gecko) Chrome/50.0.2661.102 Safari/537.36"
::1 - - [03/Jun/2016:07:59:16 +0000] "GET /stylesheets/bootstrap.min.css HTTP/1.1" 304 - "http://localhost:8000/storema/chat" "Mozilla/5.0 (Windows NT 10.0; WOW64) AppleWebKit/537.36 (KHTML, like Gecko) Chrome/50.0.2661.102 Safari/537.36"
::1 - - [03/Jun/2016:07:59:16 +0000] "GET /javascripts/libs/jquery-2.2.2.min.js HTTP/1.1" 304 - "http://localhost:8000/storema/chat" "Mozilla/5.0 (Windows NT 10.0; WOW64) AppleWebKit/537.36 (KHTML, like Gecko) Chrome/50.0.2661.102 Safari/537.36"
::1 - - [03/Jun/2016:07:59:16 +0000] "GET /javascripts/libs/jquery.cookie.js HTTP/1.1" 304 - "http://localhost:8000/storema/chat" "Mozilla/5.0 (Windows NT 10.0; WOW64) AppleWebKit/537.36 (KHTML, like Gecko) Chrome/50.0.2661.102 Safari/537.36"
::1 - - [03/Jun/2016:07:59:16 +0000] "GET /javascripts/chatlist.js HTTP/1.1" 304 - "http://localhost:8000/storema/chat" "Mozilla/5.0 (Windows NT 10.0; WOW64) AppleWebKit/537.36 (KHTML, like Gecko) Chrome/50.0.2661.102 Safari/537.36"
::1 - - [03/Jun/2016:07:59:16 +0000] "GET /javascripts/libs/bootstrap.min.js HTTP/1.1" 304 - "http://localhost:8000/storema/chat" "Mozilla/5.0 (Windows NT 10.0; WOW64) AppleWebKit/537.36 (KHTML, like Gecko) Chrome/50.0.2661.102 Safari/537.36"
::1 - - [03/Jun/2016:07:59:16 +0000] "GET /fonts/glyphicons-halflings-regular.woff2 HTTP/1.1" 304 - "http://localhost:8000/storema/chat" "Mozilla/5.0 (Windows NT 10.0; WOW64) AppleWebKit/537.36 (KHTML, like Gecko) Chrome/50.0.2661.102 Safari/537.36"
::1 - - [03/Jun/2016:07:59:31 +0000] "GET /stylesheets/chat.css HTTP/1.1" 304 - "http://localhost:8000/chat/u9s5" "Mozilla/5.0 (Windows NT 10.0; WOW64) AppleWebKit/537.36 (KHTML, like Gecko) Chrome/50.0.2661.102 Safari/537.36"
::1 - - [03/Jun/2016:07:59:31 +0000] "GET /stylesheets/bootstrap.min.css HTTP/1.1" 304 - "http://localhost:8000/chat/u9s5" "Mozilla/5.0 (Windows NT 10.0; WOW64) AppleWebKit/537.36 (KHTML, like Gecko) Chrome/50.0.2661.102 Safari/537.36"
::1 - - [03/Jun/2016:07:59:47 +0000] "GET /storema/chat HTTP/1.1" 304 - "http://localhost:8000/storema/chat" "Mozilla/5.0 (Windows NT 10.0; WOW64) AppleWebKit/537.36 (KHTML, like Gecko) Chrome/50.0.2661.102 Safari/537.36"
::1 - - [03/Jun/2016:07:59:47 +0000] "GET /stylesheets/common.css HTTP/1.1" 304 - "http://localhost:8000/storema/chat" "Mozilla/5.0 (Windows NT 10.0; WOW64) AppleWebKit/537.36 (KHTML, like Gecko) Chrome/50.0.2661.102 Safari/537.36"
::1 - - [03/Jun/2016:07:59:47 +0000] "GET /stylesheets/storema.css HTTP/1.1" 304 - "http://localhost:8000/storema/chat" "Mozilla/5.0 (Windows NT 10.0; WOW64) AppleWebKit/537.36 (KHTML, like Gecko) Chrome/50.0.2661.102 Safari/537.36"
::1 - - [03/Jun/2016:07:59:47 +0000] "GET /stylesheets/bootstrap.min.css HTTP/1.1" 304 - "http://localhost:8000/storema/chat" "Mozilla/5.0 (Windows NT 10.0; WOW64) AppleWebKit/537.36 (KHTML, like Gecko) Chrome/50.0.2661.102 Safari/537.36"
::1 - - [03/Jun/2016:07:59:47 +0000] "GET /javascripts/libs/jquery-2.2.2.min.js HTTP/1.1" 304 - "http://localhost:8000/storema/chat" "Mozilla/5.0 (Windows NT 10.0; WOW64) AppleWebKit/537.36 (KHTML, like Gecko) Chrome/50.0.2661.102 Safari/537.36"
::1 - - [03/Jun/2016:07:59:47 +0000] "GET /javascripts/libs/jquery.cookie.js HTTP/1.1" 304 - "http://localhost:8000/storema/chat" "Mozilla/5.0 (Windows NT 10.0; WOW64) AppleWebKit/537.36 (KHTML, like Gecko) Chrome/50.0.2661.102 Safari/537.36"
::1 - - [03/Jun/2016:07:59:47 +0000] "GET /javascripts/chatlist.js HTTP/1.1" 304 - "http://localhost:8000/storema/chat" "Mozilla/5.0 (Windows NT 10.0; WOW64) AppleWebKit/537.36 (KHTML, like Gecko) Chrome/50.0.2661.102 Safari/537.36"
::1 - - [03/Jun/2016:07:59:47 +0000] "GET /javascripts/libs/bootstrap.min.js HTTP/1.1" 304 - "http://localhost:8000/storema/chat" "Mozilla/5.0 (Windows NT 10.0; WOW64) AppleWebKit/537.36 (KHTML, like Gecko) Chrome/50.0.2661.102 Safari/537.36"
::1 - - [03/Jun/2016:07:59:47 +0000] "GET /fonts/glyphicons-halflings-regular.woff2 HTTP/1.1" 304 - "http://localhost:8000/storema/chat" "Mozilla/5.0 (Windows NT 10.0; WOW64) AppleWebKit/537.36 (KHTML, like Gecko) Chrome/50.0.2661.102 Safari/537.36"
::1 - - [03/Jun/2016:08:00:18 +0000] "GET /storema/chat HTTP/1.1" 304 - "http://localhost:8000/storema/chat" "Mozilla/5.0 (Windows NT 10.0; WOW64) AppleWebKit/537.36 (KHTML, like Gecko) Chrome/50.0.2661.102 Safari/537.36"
::1 - - [03/Jun/2016:08:00:18 +0000] "GET /stylesheets/common.css HTTP/1.1" 304 - "http://localhost:8000/storema/chat" "Mozilla/5.0 (Windows NT 10.0; WOW64) AppleWebKit/537.36 (KHTML, like Gecko) Chrome/50.0.2661.102 Safari/537.36"
::1 - - [03/Jun/2016:08:00:18 +0000] "GET /stylesheets/storema.css HTTP/1.1" 304 - "http://localhost:8000/storema/chat" "Mozilla/5.0 (Windows NT 10.0; WOW64) AppleWebKit/537.36 (KHTML, like Gecko) Chrome/50.0.2661.102 Safari/537.36"
::1 - - [03/Jun/2016:08:00:18 +0000] "GET /stylesheets/bootstrap.min.css HTTP/1.1" 304 - "http://localhost:8000/storema/chat" "Mozilla/5.0 (Windows NT 10.0; WOW64) AppleWebKit/537.36 (KHTML, like Gecko) Chrome/50.0.2661.102 Safari/537.36"
::1 - - [03/Jun/2016:08:00:18 +0000] "GET /javascripts/libs/jquery-2.2.2.min.js HTTP/1.1" 304 - "http://localhost:8000/storema/chat" "Mozilla/5.0 (Windows NT 10.0; WOW64) AppleWebKit/537.36 (KHTML, like Gecko) Chrome/50.0.2661.102 Safari/537.36"
::1 - - [03/Jun/2016:08:00:18 +0000] "GET /javascripts/libs/jquery.cookie.js HTTP/1.1" 304 - "http://localhost:8000/storema/chat" "Mozilla/5.0 (Windows NT 10.0; WOW64) AppleWebKit/537.36 (KHTML, like Gecko) Chrome/50.0.2661.102 Safari/537.36"
::1 - - [03/Jun/2016:08:00:18 +0000] "GET /javascripts/chatlist.js HTTP/1.1" 304 - "http://localhost:8000/storema/chat" "Mozilla/5.0 (Windows NT 10.0; WOW64) AppleWebKit/537.36 (KHTML, like Gecko) Chrome/50.0.2661.102 Safari/537.36"
::1 - - [03/Jun/2016:08:00:18 +0000] "GET /javascripts/libs/bootstrap.min.js HTTP/1.1" 304 - "http://localhost:8000/storema/chat" "Mozilla/5.0 (Windows NT 10.0; WOW64) AppleWebKit/537.36 (KHTML, like Gecko) Chrome/50.0.2661.102 Safari/537.36"
::1 - - [03/Jun/2016:08:00:18 +0000] "GET /fonts/glyphicons-halflings-regular.woff2 HTTP/1.1" 304 - "http://localhost:8000/storema/chat" "Mozilla/5.0 (Windows NT 10.0; WOW64) AppleWebKit/537.36 (KHTML, like Gecko) Chrome/50.0.2661.102 Safari/537.36"
::1 - - [03/Jun/2016:08:00:49 +0000] "GET /storema/chat HTTP/1.1" 304 - "http://localhost:8000/storema/chat" "Mozilla/5.0 (Windows NT 10.0; WOW64) AppleWebKit/537.36 (KHTML, like Gecko) Chrome/50.0.2661.102 Safari/537.36"
::1 - - [03/Jun/2016:08:00:49 +0000] "GET /stylesheets/common.css HTTP/1.1" 304 - "http://localhost:8000/storema/chat" "Mozilla/5.0 (Windows NT 10.0; WOW64) AppleWebKit/537.36 (KHTML, like Gecko) Chrome/50.0.2661.102 Safari/537.36"
::1 - - [03/Jun/2016:08:00:49 +0000] "GET /stylesheets/storema.css HTTP/1.1" 304 - "http://localhost:8000/storema/chat" "Mozilla/5.0 (Windows NT 10.0; WOW64) AppleWebKit/537.36 (KHTML, like Gecko) Chrome/50.0.2661.102 Safari/537.36"
::1 - - [03/Jun/2016:08:00:49 +0000] "GET /stylesheets/bootstrap.min.css HTTP/1.1" 304 - "http://localhost:8000/storema/chat" "Mozilla/5.0 (Windows NT 10.0; WOW64) AppleWebKit/537.36 (KHTML, like Gecko) Chrome/50.0.2661.102 Safari/537.36"
::1 - - [03/Jun/2016:08:00:49 +0000] "GET /javascripts/libs/jquery-2.2.2.min.js HTTP/1.1" 304 - "http://localhost:8000/storema/chat" "Mozilla/5.0 (Windows NT 10.0; WOW64) AppleWebKit/537.36 (KHTML, like Gecko) Chrome/50.0.2661.102 Safari/537.36"
::1 - - [03/Jun/2016:08:00:49 +0000] "GET /javascripts/libs/jquery.cookie.js HTTP/1.1" 304 - "http://localhost:8000/storema/chat" "Mozilla/5.0 (Windows NT 10.0; WOW64) AppleWebKit/537.36 (KHTML, like Gecko) Chrome/50.0.2661.102 Safari/537.36"
::1 - - [03/Jun/2016:08:00:49 +0000] "GET /javascripts/chatlist.js HTTP/1.1" 304 - "http://localhost:8000/storema/chat" "Mozilla/5.0 (Windows NT 10.0; WOW64) AppleWebKit/537.36 (KHTML, like Gecko) Chrome/50.0.2661.102 Safari/537.36"
::1 - - [03/Jun/2016:08:00:49 +0000] "GET /javascripts/libs/bootstrap.min.js HTTP/1.1" 304 - "http://localhost:8000/storema/chat" "Mozilla/5.0 (Windows NT 10.0; WOW64) AppleWebKit/537.36 (KHTML, like Gecko) Chrome/50.0.2661.102 Safari/537.36"
::1 - - [03/Jun/2016:08:00:49 +0000] "GET /chat/u9s5 HTTP/1.1" 200 3461 "http://localhost:8000/storema/chat" "Mozilla/5.0 (Windows NT 10.0; WOW64) AppleWebKit/537.36 (KHTML, like Gecko) Chrome/50.0.2661.102 Safari/537.36"
::1 - - [03/Jun/2016:08:00:49 +0000] "GET /fonts/glyphicons-halflings-regular.woff2 HTTP/1.1" 304 - "http://localhost:8000/storema/chat" "Mozilla/5.0 (Windows NT 10.0; WOW64) AppleWebKit/537.36 (KHTML, like Gecko) Chrome/50.0.2661.102 Safari/537.36"
::1 - - [03/Jun/2016:08:00:49 +0000] "GET /stylesheets/chat.css HTTP/1.1" 304 - "http://localhost:8000/chat/u9s5" "Mozilla/5.0 (Windows NT 10.0; WOW64) AppleWebKit/537.36 (KHTML, like Gecko) Chrome/50.0.2661.102 Safari/537.36"
::1 - - [03/Jun/2016:08:00:49 +0000] "GET /stylesheets/bootstrap.min.css HTTP/1.1" 304 - "http://localhost:8000/chat/u9s5" "Mozilla/5.0 (Windows NT 10.0; WOW64) AppleWebKit/537.36 (KHTML, like Gecko) Chrome/50.0.2661.102 Safari/537.36"
::1 - - [03/Jun/2016:08:00:49 +0000] "GET /javascripts/libs/jquery-2.2.2.min.js HTTP/1.1" 304 - "http://localhost:8000/chat/u9s5" "Mozilla/5.0 (Windows NT 10.0; WOW64) AppleWebKit/537.36 (KHTML, like Gecko) Chrome/50.0.2661.102 Safari/537.36"
::1 - - [03/Jun/2016:08:00:49 +0000] "GET /javascripts/libs/jquery.cookie.js HTTP/1.1" 304 - "http://localhost:8000/chat/u9s5" "Mozilla/5.0 (Windows NT 10.0; WOW64) AppleWebKit/537.36 (KHTML, like Gecko) Chrome/50.0.2661.102 Safari/537.36"
::1 - - [03/Jun/2016:08:00:49 +0000] "GET /javascripts/libs/socket.io.js HTTP/1.1" 304 - "http://localhost:8000/chat/u9s5" "Mozilla/5.0 (Windows NT 10.0; WOW64) AppleWebKit/537.36 (KHTML, like Gecko) Chrome/50.0.2661.102 Safari/537.36"
::1 - - [03/Jun/2016:08:00:49 +0000] "GET /javascripts/chat.js HTTP/1.1" 304 - "http://localhost:8000/chat/u9s5" "Mozilla/5.0 (Windows NT 10.0; WOW64) AppleWebKit/537.36 (KHTML, like Gecko) Chrome/50.0.2661.102 Safari/537.36"
::1 - - [03/Jun/2016:08:00:49 +0000] "GET /favicon.ico HTTP/1.1" 200 16958 "http://localhost:8000/chat/u9s5" "Mozilla/5.0 (Windows NT 10.0; WOW64) AppleWebKit/537.36 (KHTML, like Gecko) Chrome/50.0.2661.102 Safari/537.36"
::1 - - [03/Jun/2016:08:01:20 +0000] "GET /storema/chat HTTP/1.1" 304 - "http://localhost:8000/storema/chat" "Mozilla/5.0 (Windows NT 10.0; WOW64) AppleWebKit/537.36 (KHTML, like Gecko) Chrome/50.0.2661.102 Safari/537.36"
::1 - - [03/Jun/2016:08:01:20 +0000] "GET /stylesheets/common.css HTTP/1.1" 304 - "http://localhost:8000/storema/chat" "Mozilla/5.0 (Windows NT 10.0; WOW64) AppleWebKit/537.36 (KHTML, like Gecko) Chrome/50.0.2661.102 Safari/537.36"
::1 - - [03/Jun/2016:08:01:20 +0000] "GET /stylesheets/storema.css HTTP/1.1" 304 - "http://localhost:8000/storema/chat" "Mozilla/5.0 (Windows NT 10.0; WOW64) AppleWebKit/537.36 (KHTML, like Gecko) Chrome/50.0.2661.102 Safari/537.36"
::1 - - [03/Jun/2016:08:01:20 +0000] "GET /stylesheets/bootstrap.min.css HTTP/1.1" 304 - "http://localhost:8000/storema/chat" "Mozilla/5.0 (Windows NT 10.0; WOW64) AppleWebKit/537.36 (KHTML, like Gecko) Chrome/50.0.2661.102 Safari/537.36"
::1 - - [03/Jun/2016:08:01:20 +0000] "GET /javascripts/libs/jquery-2.2.2.min.js HTTP/1.1" 304 - "http://localhost:8000/storema/chat" "Mozilla/5.0 (Windows NT 10.0; WOW64) AppleWebKit/537.36 (KHTML, like Gecko) Chrome/50.0.2661.102 Safari/537.36"
::1 - - [03/Jun/2016:08:01:20 +0000] "GET /javascripts/libs/jquery.cookie.js HTTP/1.1" 304 - "http://localhost:8000/storema/chat" "Mozilla/5.0 (Windows NT 10.0; WOW64) AppleWebKit/537.36 (KHTML, like Gecko) Chrome/50.0.2661.102 Safari/537.36"
::1 - - [03/Jun/2016:08:01:20 +0000] "GET /javascripts/chatlist.js HTTP/1.1" 304 - "http://localhost:8000/storema/chat" "Mozilla/5.0 (Windows NT 10.0; WOW64) AppleWebKit/537.36 (KHTML, like Gecko) Chrome/50.0.2661.102 Safari/537.36"
::1 - - [03/Jun/2016:08:01:20 +0000] "GET /javascripts/libs/bootstrap.min.js HTTP/1.1" 304 - "http://localhost:8000/storema/chat" "Mozilla/5.0 (Windows NT 10.0; WOW64) AppleWebKit/537.36 (KHTML, like Gecko) Chrome/50.0.2661.102 Safari/537.36"
::1 - - [03/Jun/2016:08:01:20 +0000] "GET /fonts/glyphicons-halflings-regular.woff2 HTTP/1.1" 304 - "http://localhost:8000/chat/u9s5" "Mozilla/5.0 (Windows NT 10.0; WOW64) AppleWebKit/537.36 (KHTML, like Gecko) Chrome/50.0.2661.102 Safari/537.36"
::1 - - [03/Jun/2016:08:01:50 +0000] "GET /storema/chat HTTP/1.1" 304 - "http://localhost:8000/storema/chat" "Mozilla/5.0 (Windows NT 10.0; WOW64) AppleWebKit/537.36 (KHTML, like Gecko) Chrome/50.0.2661.102 Safari/537.36"
::1 - - [03/Jun/2016:08:01:50 +0000] "GET /stylesheets/common.css HTTP/1.1" 304 - "http://localhost:8000/storema/chat" "Mozilla/5.0 (Windows NT 10.0; WOW64) AppleWebKit/537.36 (KHTML, like Gecko) Chrome/50.0.2661.102 Safari/537.36"
::1 - - [03/Jun/2016:08:01:50 +0000] "GET /stylesheets/storema.css HTTP/1.1" 304 - "http://localhost:8000/storema/chat" "Mozilla/5.0 (Windows NT 10.0; WOW64) AppleWebKit/537.36 (KHTML, like Gecko) Chrome/50.0.2661.102 Safari/537.36"
::1 - - [03/Jun/2016:08:01:51 +0000] "GET /stylesheets/bootstrap.min.css HTTP/1.1" 304 - "http://localhost:8000/storema/chat" "Mozilla/5.0 (Windows NT 10.0; WOW64) AppleWebKit/537.36 (KHTML, like Gecko) Chrome/50.0.2661.102 Safari/537.36"
::1 - - [03/Jun/2016:08:01:51 +0000] "GET /javascripts/libs/jquery-2.2.2.min.js HTTP/1.1" 304 - "http://localhost:8000/storema/chat" "Mozilla/5.0 (Windows NT 10.0; WOW64) AppleWebKit/537.36 (KHTML, like Gecko) Chrome/50.0.2661.102 Safari/537.36"
::1 - - [03/Jun/2016:08:01:51 +0000] "GET /javascripts/libs/jquery.cookie.js HTTP/1.1" 304 - "http://localhost:8000/storema/chat" "Mozilla/5.0 (Windows NT 10.0; WOW64) AppleWebKit/537.36 (KHTML, like Gecko) Chrome/50.0.2661.102 Safari/537.36"
::1 - - [03/Jun/2016:08:01:51 +0000] "GET /javascripts/chatlist.js HTTP/1.1" 304 - "http://localhost:8000/storema/chat" "Mozilla/5.0 (Windows NT 10.0; WOW64) AppleWebKit/537.36 (KHTML, like Gecko) Chrome/50.0.2661.102 Safari/537.36"
::1 - - [03/Jun/2016:08:01:51 +0000] "GET /javascripts/libs/bootstrap.min.js HTTP/1.1" 304 - "http://localhost:8000/storema/chat" "Mozilla/5.0 (Windows NT 10.0; WOW64) AppleWebKit/537.36 (KHTML, like Gecko) Chrome/50.0.2661.102 Safari/537.36"
::1 - - [03/Jun/2016:08:01:51 +0000] "GET /fonts/glyphicons-halflings-regular.woff2 HTTP/1.1" 304 - "http://localhost:8000/storema/chat" "Mozilla/5.0 (Windows NT 10.0; WOW64) AppleWebKit/537.36 (KHTML, like Gecko) Chrome/50.0.2661.102 Safari/537.36"
::1 - - [03/Jun/2016:08:02:13 +0000] "GET /chat/u9s5 HTTP/1.1" 200 3487 "http://localhost:8000/storema/chat" "Mozilla/5.0 (Windows NT 10.0; WOW64) AppleWebKit/537.36 (KHTML, like Gecko) Chrome/50.0.2661.102 Safari/537.36"
::1 - - [03/Jun/2016:08:02:13 +0000] "GET /stylesheets/chat.css HTTP/1.1" 304 - "http://localhost:8000/chat/u9s5" "Mozilla/5.0 (Windows NT 10.0; WOW64) AppleWebKit/537.36 (KHTML, like Gecko) Chrome/50.0.2661.102 Safari/537.36"
::1 - - [03/Jun/2016:08:02:13 +0000] "GET /stylesheets/bootstrap.min.css HTTP/1.1" 304 - "http://localhost:8000/chat/u9s5" "Mozilla/5.0 (Windows NT 10.0; WOW64) AppleWebKit/537.36 (KHTML, like Gecko) Chrome/50.0.2661.102 Safari/537.36"
::1 - - [03/Jun/2016:08:02:13 +0000] "GET /javascripts/libs/jquery-2.2.2.min.js HTTP/1.1" 304 - "http://localhost:8000/chat/u9s5" "Mozilla/5.0 (Windows NT 10.0; WOW64) AppleWebKit/537.36 (KHTML, like Gecko) Chrome/50.0.2661.102 Safari/537.36"
::1 - - [03/Jun/2016:08:02:13 +0000] "GET /javascripts/libs/jquery.cookie.js HTTP/1.1" 304 - "http://localhost:8000/chat/u9s5" "Mozilla/5.0 (Windows NT 10.0; WOW64) AppleWebKit/537.36 (KHTML, like Gecko) Chrome/50.0.2661.102 Safari/537.36"
::1 - - [03/Jun/2016:08:02:13 +0000] "GET /javascripts/libs/socket.io.js HTTP/1.1" 304 - "http://localhost:8000/chat/u9s5" "Mozilla/5.0 (Windows NT 10.0; WOW64) AppleWebKit/537.36 (KHTML, like Gecko) Chrome/50.0.2661.102 Safari/537.36"
::1 - - [03/Jun/2016:08:02:13 +0000] "GET /javascripts/chat.js HTTP/1.1" 304 - "http://localhost:8000/chat/u9s5" "Mozilla/5.0 (Windows NT 10.0; WOW64) AppleWebKit/537.36 (KHTML, like Gecko) Chrome/50.0.2661.102 Safari/537.36"
::1 - - [03/Jun/2016:08:02:13 +0000] "GET /favicon.ico HTTP/1.1" 200 16958 "http://localhost:8000/chat/u9s5" "Mozilla/5.0 (Windows NT 10.0; WOW64) AppleWebKit/537.36 (KHTML, like Gecko) Chrome/50.0.2661.102 Safari/537.36"
::1 - - [03/Jun/2016:08:02:21 +0000] "GET /storema/chat HTTP/1.1" 304 - "http://localhost:8000/storema/chat" "Mozilla/5.0 (Windows NT 10.0; WOW64) AppleWebKit/537.36 (KHTML, like Gecko) Chrome/50.0.2661.102 Safari/537.36"
::1 - - [03/Jun/2016:08:02:21 +0000] "GET /stylesheets/common.css HTTP/1.1" 304 - "http://localhost:8000/storema/chat" "Mozilla/5.0 (Windows NT 10.0; WOW64) AppleWebKit/537.36 (KHTML, like Gecko) Chrome/50.0.2661.102 Safari/537.36"
::1 - - [03/Jun/2016:08:02:21 +0000] "GET /stylesheets/storema.css HTTP/1.1" 304 - "http://localhost:8000/storema/chat" "Mozilla/5.0 (Windows NT 10.0; WOW64) AppleWebKit/537.36 (KHTML, like Gecko) Chrome/50.0.2661.102 Safari/537.36"
::1 - - [03/Jun/2016:08:02:21 +0000] "GET /stylesheets/bootstrap.min.css HTTP/1.1" 304 - "http://localhost:8000/storema/chat" "Mozilla/5.0 (Windows NT 10.0; WOW64) AppleWebKit/537.36 (KHTML, like Gecko) Chrome/50.0.2661.102 Safari/537.36"
::1 - - [03/Jun/2016:08:02:21 +0000] "GET /javascripts/libs/jquery-2.2.2.min.js HTTP/1.1" 304 - "http://localhost:8000/storema/chat" "Mozilla/5.0 (Windows NT 10.0; WOW64) AppleWebKit/537.36 (KHTML, like Gecko) Chrome/50.0.2661.102 Safari/537.36"
::1 - - [03/Jun/2016:08:02:21 +0000] "GET /javascripts/libs/jquery.cookie.js HTTP/1.1" 304 - "http://localhost:8000/storema/chat" "Mozilla/5.0 (Windows NT 10.0; WOW64) AppleWebKit/537.36 (KHTML, like Gecko) Chrome/50.0.2661.102 Safari/537.36"
::1 - - [03/Jun/2016:08:02:21 +0000] "GET /javascripts/chatlist.js HTTP/1.1" 304 - "http://localhost:8000/storema/chat" "Mozilla/5.0 (Windows NT 10.0; WOW64) AppleWebKit/537.36 (KHTML, like Gecko) Chrome/50.0.2661.102 Safari/537.36"
::1 - - [03/Jun/2016:08:02:21 +0000] "GET /javascripts/libs/bootstrap.min.js HTTP/1.1" 304 - "http://localhost:8000/storema/chat" "Mozilla/5.0 (Windows NT 10.0; WOW64) AppleWebKit/537.36 (KHTML, like Gecko) Chrome/50.0.2661.102 Safari/537.36"
::1 - - [03/Jun/2016:08:02:21 +0000] "GET /fonts/glyphicons-halflings-regular.woff2 HTTP/1.1" 304 - "http://localhost:8000/chat/u9s5" "Mozilla/5.0 (Windows NT 10.0; WOW64) AppleWebKit/537.36 (KHTML, like Gecko) Chrome/50.0.2661.102 Safari/537.36"
::1 - - [03/Jun/2016:08:02:51 +0000] "GET /storema/chat HTTP/1.1" 304 - "http://localhost:8000/storema/chat" "Mozilla/5.0 (Windows NT 10.0; WOW64) AppleWebKit/537.36 (KHTML, like Gecko) Chrome/50.0.2661.102 Safari/537.36"
::1 - - [03/Jun/2016:08:02:52 +0000] "GET /stylesheets/common.css HTTP/1.1" 304 - "http://localhost:8000/storema/chat" "Mozilla/5.0 (Windows NT 10.0; WOW64) AppleWebKit/537.36 (KHTML, like Gecko) Chrome/50.0.2661.102 Safari/537.36"
::1 - - [03/Jun/2016:08:02:52 +0000] "GET /stylesheets/storema.css HTTP/1.1" 304 - "http://localhost:8000/storema/chat" "Mozilla/5.0 (Windows NT 10.0; WOW64) AppleWebKit/537.36 (KHTML, like Gecko) Chrome/50.0.2661.102 Safari/537.36"
::1 - - [03/Jun/2016:08:02:52 +0000] "GET /stylesheets/bootstrap.min.css HTTP/1.1" 304 - "http://localhost:8000/storema/chat" "Mozilla/5.0 (Windows NT 10.0; WOW64) AppleWebKit/537.36 (KHTML, like Gecko) Chrome/50.0.2661.102 Safari/537.36"
::1 - - [03/Jun/2016:08:02:52 +0000] "GET /javascripts/libs/jquery-2.2.2.min.js HTTP/1.1" 304 - "http://localhost:8000/storema/chat" "Mozilla/5.0 (Windows NT 10.0; WOW64) AppleWebKit/537.36 (KHTML, like Gecko) Chrome/50.0.2661.102 Safari/537.36"
::1 - - [03/Jun/2016:08:02:52 +0000] "GET /javascripts/libs/jquery.cookie.js HTTP/1.1" 304 - "http://localhost:8000/storema/chat" "Mozilla/5.0 (Windows NT 10.0; WOW64) AppleWebKit/537.36 (KHTML, like Gecko) Chrome/50.0.2661.102 Safari/537.36"
::1 - - [03/Jun/2016:08:02:52 +0000] "GET /javascripts/chatlist.js HTTP/1.1" 304 - "http://localhost:8000/storema/chat" "Mozilla/5.0 (Windows NT 10.0; WOW64) AppleWebKit/537.36 (KHTML, like Gecko) Chrome/50.0.2661.102 Safari/537.36"
::1 - - [03/Jun/2016:08:02:52 +0000] "GET /javascripts/libs/bootstrap.min.js HTTP/1.1" 304 - "http://localhost:8000/storema/chat" "Mozilla/5.0 (Windows NT 10.0; WOW64) AppleWebKit/537.36 (KHTML, like Gecko) Chrome/50.0.2661.102 Safari/537.36"
::1 - - [03/Jun/2016:08:02:52 +0000] "GET /fonts/glyphicons-halflings-regular.woff2 HTTP/1.1" 304 - "http://localhost:8000/storema/chat" "Mozilla/5.0 (Windows NT 10.0; WOW64) AppleWebKit/537.36 (KHTML, like Gecko) Chrome/50.0.2661.102 Safari/537.36"
::1 - - [03/Jun/2016:08:03:22 +0000] "GET /storema/chat HTTP/1.1" 304 - "http://localhost:8000/storema/chat" "Mozilla/5.0 (Windows NT 10.0; WOW64) AppleWebKit/537.36 (KHTML, like Gecko) Chrome/50.0.2661.102 Safari/537.36"
::1 - - [03/Jun/2016:08:03:23 +0000] "GET /stylesheets/common.css HTTP/1.1" 304 - "http://localhost:8000/storema/chat" "Mozilla/5.0 (Windows NT 10.0; WOW64) AppleWebKit/537.36 (KHTML, like Gecko) Chrome/50.0.2661.102 Safari/537.36"
::1 - - [03/Jun/2016:08:03:23 +0000] "GET /stylesheets/storema.css HTTP/1.1" 304 - "http://localhost:8000/storema/chat" "Mozilla/5.0 (Windows NT 10.0; WOW64) AppleWebKit/537.36 (KHTML, like Gecko) Chrome/50.0.2661.102 Safari/537.36"
::1 - - [03/Jun/2016:08:03:23 +0000] "GET /stylesheets/bootstrap.min.css HTTP/1.1" 304 - "http://localhost:8000/storema/chat" "Mozilla/5.0 (Windows NT 10.0; WOW64) AppleWebKit/537.36 (KHTML, like Gecko) Chrome/50.0.2661.102 Safari/537.36"
::1 - - [03/Jun/2016:08:03:23 +0000] "GET /javascripts/libs/jquery-2.2.2.min.js HTTP/1.1" 304 - "http://localhost:8000/storema/chat" "Mozilla/5.0 (Windows NT 10.0; WOW64) AppleWebKit/537.36 (KHTML, like Gecko) Chrome/50.0.2661.102 Safari/537.36"
::1 - - [03/Jun/2016:08:03:23 +0000] "GET /javascripts/libs/jquery.cookie.js HTTP/1.1" 304 - "http://localhost:8000/storema/chat" "Mozilla/5.0 (Windows NT 10.0; WOW64) AppleWebKit/537.36 (KHTML, like Gecko) Chrome/50.0.2661.102 Safari/537.36"
::1 - - [03/Jun/2016:08:03:23 +0000] "GET /javascripts/chatlist.js HTTP/1.1" 304 - "http://localhost:8000/storema/chat" "Mozilla/5.0 (Windows NT 10.0; WOW64) AppleWebKit/537.36 (KHTML, like Gecko) Chrome/50.0.2661.102 Safari/537.36"
::1 - - [03/Jun/2016:08:03:23 +0000] "GET /javascripts/libs/bootstrap.min.js HTTP/1.1" 304 - "http://localhost:8000/storema/chat" "Mozilla/5.0 (Windows NT 10.0; WOW64) AppleWebKit/537.36 (KHTML, like Gecko) Chrome/50.0.2661.102 Safari/537.36"
::1 - - [03/Jun/2016:08:03:23 +0000] "GET /fonts/glyphicons-halflings-regular.woff2 HTTP/1.1" 304 - "http://localhost:8000/storema/chat" "Mozilla/5.0 (Windows NT 10.0; WOW64) AppleWebKit/537.36 (KHTML, like Gecko) Chrome/50.0.2661.102 Safari/537.36"
::1 - - [03/Jun/2016:08:03:38 +0000] "GET /stylesheets/common.css HTTP/1.1" 304 - "http://localhost:8000/storema/chat" "Mozilla/5.0 (Windows NT 10.0; WOW64) AppleWebKit/537.36 (KHTML, like Gecko) Chrome/50.0.2661.102 Safari/537.36"
::1 - - [03/Jun/2016:08:03:38 +0000] "GET /stylesheets/storema.css HTTP/1.1" 304 - "http://localhost:8000/storema/chat" "Mozilla/5.0 (Windows NT 10.0; WOW64) AppleWebKit/537.36 (KHTML, like Gecko) Chrome/50.0.2661.102 Safari/537.36"
::1 - - [03/Jun/2016:08:03:38 +0000] "GET /stylesheets/bootstrap.min.css HTTP/1.1" 304 - "http://localhost:8000/storema/chat" "Mozilla/5.0 (Windows NT 10.0; WOW64) AppleWebKit/537.36 (KHTML, like Gecko) Chrome/50.0.2661.102 Safari/537.36"
::1 - - [03/Jun/2016:08:03:54 +0000] "GET /storema/chat HTTP/1.1" 304 - "http://localhost:8000/storema/chat" "Mozilla/5.0 (Windows NT 10.0; WOW64) AppleWebKit/537.36 (KHTML, like Gecko) Chrome/50.0.2661.102 Safari/537.36"
::1 - - [03/Jun/2016:08:03:54 +0000] "GET /stylesheets/common.css HTTP/1.1" 304 - "http://localhost:8000/storema/chat" "Mozilla/5.0 (Windows NT 10.0; WOW64) AppleWebKit/537.36 (KHTML, like Gecko) Chrome/50.0.2661.102 Safari/537.36"
::1 - - [03/Jun/2016:08:03:54 +0000] "GET /stylesheets/storema.css HTTP/1.1" 304 - "http://localhost:8000/storema/chat" "Mozilla/5.0 (Windows NT 10.0; WOW64) AppleWebKit/537.36 (KHTML, like Gecko) Chrome/50.0.2661.102 Safari/537.36"
::1 - - [03/Jun/2016:08:03:54 +0000] "GET /stylesheets/bootstrap.min.css HTTP/1.1" 304 - "http://localhost:8000/storema/chat" "Mozilla/5.0 (Windows NT 10.0; WOW64) AppleWebKit/537.36 (KHTML, like Gecko) Chrome/50.0.2661.102 Safari/537.36"
::1 - - [03/Jun/2016:08:03:54 +0000] "GET /javascripts/libs/jquery-2.2.2.min.js HTTP/1.1" 304 - "http://localhost:8000/storema/chat" "Mozilla/5.0 (Windows NT 10.0; WOW64) AppleWebKit/537.36 (KHTML, like Gecko) Chrome/50.0.2661.102 Safari/537.36"
::1 - - [03/Jun/2016:08:03:54 +0000] "GET /javascripts/libs/jquery.cookie.js HTTP/1.1" 304 - "http://localhost:8000/storema/chat" "Mozilla/5.0 (Windows NT 10.0; WOW64) AppleWebKit/537.36 (KHTML, like Gecko) Chrome/50.0.2661.102 Safari/537.36"
::1 - - [03/Jun/2016:08:03:54 +0000] "GET /javascripts/chatlist.js HTTP/1.1" 304 - "http://localhost:8000/storema/chat" "Mozilla/5.0 (Windows NT 10.0; WOW64) AppleWebKit/537.36 (KHTML, like Gecko) Chrome/50.0.2661.102 Safari/537.36"
::1 - - [03/Jun/2016:08:03:54 +0000] "GET /javascripts/libs/bootstrap.min.js HTTP/1.1" 304 - "http://localhost:8000/storema/chat" "Mozilla/5.0 (Windows NT 10.0; WOW64) AppleWebKit/537.36 (KHTML, like Gecko) Chrome/50.0.2661.102 Safari/537.36"
::1 - - [03/Jun/2016:08:03:54 +0000] "GET /fonts/glyphicons-halflings-regular.woff2 HTTP/1.1" 304 - "http://localhost:8000/storema/chat" "Mozilla/5.0 (Windows NT 10.0; WOW64) AppleWebKit/537.36 (KHTML, like Gecko) Chrome/50.0.2661.102 Safari/537.36"
::1 - - [03/Jun/2016:08:04:24 +0000] "GET /storema/chat HTTP/1.1" 304 - "http://localhost:8000/storema/chat" "Mozilla/5.0 (Windows NT 10.0; WOW64) AppleWebKit/537.36 (KHTML, like Gecko) Chrome/50.0.2661.102 Safari/537.36"
::1 - - [03/Jun/2016:08:04:25 +0000] "GET /stylesheets/common.css HTTP/1.1" 304 - "http://localhost:8000/storema/chat" "Mozilla/5.0 (Windows NT 10.0; WOW64) AppleWebKit/537.36 (KHTML, like Gecko) Chrome/50.0.2661.102 Safari/537.36"
::1 - - [03/Jun/2016:08:04:25 +0000] "GET /stylesheets/storema.css HTTP/1.1" 304 - "http://localhost:8000/storema/chat" "Mozilla/5.0 (Windows NT 10.0; WOW64) AppleWebKit/537.36 (KHTML, like Gecko) Chrome/50.0.2661.102 Safari/537.36"
::1 - - [03/Jun/2016:08:04:25 +0000] "GET /stylesheets/bootstrap.min.css HTTP/1.1" 304 - "http://localhost:8000/storema/chat" "Mozilla/5.0 (Windows NT 10.0; WOW64) AppleWebKit/537.36 (KHTML, like Gecko) Chrome/50.0.2661.102 Safari/537.36"
::1 - - [03/Jun/2016:08:04:25 +0000] "GET /javascripts/libs/jquery-2.2.2.min.js HTTP/1.1" 304 - "http://localhost:8000/storema/chat" "Mozilla/5.0 (Windows NT 10.0; WOW64) AppleWebKit/537.36 (KHTML, like Gecko) Chrome/50.0.2661.102 Safari/537.36"
::1 - - [03/Jun/2016:08:04:25 +0000] "GET /javascripts/libs/jquery.cookie.js HTTP/1.1" 304 - "http://localhost:8000/storema/chat" "Mozilla/5.0 (Windows NT 10.0; WOW64) AppleWebKit/537.36 (KHTML, like Gecko) Chrome/50.0.2661.102 Safari/537.36"
::1 - - [03/Jun/2016:08:04:25 +0000] "GET /javascripts/chatlist.js HTTP/1.1" 304 - "http://localhost:8000/storema/chat" "Mozilla/5.0 (Windows NT 10.0; WOW64) AppleWebKit/537.36 (KHTML, like Gecko) Chrome/50.0.2661.102 Safari/537.36"
::1 - - [03/Jun/2016:08:04:25 +0000] "GET /javascripts/libs/bootstrap.min.js HTTP/1.1" 304 - "http://localhost:8000/storema/chat" "Mozilla/5.0 (Windows NT 10.0; WOW64) AppleWebKit/537.36 (KHTML, like Gecko) Chrome/50.0.2661.102 Safari/537.36"
::1 - - [03/Jun/2016:08:04:25 +0000] "GET /fonts/glyphicons-halflings-regular.woff2 HTTP/1.1" 304 - "http://localhost:8000/storema/chat" "Mozilla/5.0 (Windows NT 10.0; WOW64) AppleWebKit/537.36 (KHTML, like Gecko) Chrome/50.0.2661.102 Safari/537.36"
::1 - - [03/Jun/2016:08:04:46 +0000] "GET /chat/u9s5 HTTP/1.1" 200 3331 "http://localhost:8000/storema/chat" "Mozilla/5.0 (Windows NT 10.0; WOW64) AppleWebKit/537.36 (KHTML, like Gecko) Chrome/50.0.2661.102 Safari/537.36"
::1 - - [03/Jun/2016:08:04:46 +0000] "GET /stylesheets/chat.css HTTP/1.1" 304 - "http://localhost:8000/chat/u9s5" "Mozilla/5.0 (Windows NT 10.0; WOW64) AppleWebKit/537.36 (KHTML, like Gecko) Chrome/50.0.2661.102 Safari/537.36"
::1 - - [03/Jun/2016:08:04:46 +0000] "GET /stylesheets/bootstrap.min.css HTTP/1.1" 304 - "http://localhost:8000/chat/u9s5" "Mozilla/5.0 (Windows NT 10.0; WOW64) AppleWebKit/537.36 (KHTML, like Gecko) Chrome/50.0.2661.102 Safari/537.36"
::1 - - [03/Jun/2016:08:04:46 +0000] "GET /javascripts/libs/jquery-2.2.2.min.js HTTP/1.1" 304 - "http://localhost:8000/chat/u9s5" "Mozilla/5.0 (Windows NT 10.0; WOW64) AppleWebKit/537.36 (KHTML, like Gecko) Chrome/50.0.2661.102 Safari/537.36"
::1 - - [03/Jun/2016:08:04:46 +0000] "GET /javascripts/libs/jquery.cookie.js HTTP/1.1" 304 - "http://localhost:8000/chat/u9s5" "Mozilla/5.0 (Windows NT 10.0; WOW64) AppleWebKit/537.36 (KHTML, like Gecko) Chrome/50.0.2661.102 Safari/537.36"
::1 - - [03/Jun/2016:08:04:46 +0000] "GET /javascripts/libs/socket.io.js HTTP/1.1" 304 - "http://localhost:8000/chat/u9s5" "Mozilla/5.0 (Windows NT 10.0; WOW64) AppleWebKit/537.36 (KHTML, like Gecko) Chrome/50.0.2661.102 Safari/537.36"
::1 - - [03/Jun/2016:08:04:46 +0000] "GET /javascripts/chat.js HTTP/1.1" 304 - "http://localhost:8000/chat/u9s5" "Mozilla/5.0 (Windows NT 10.0; WOW64) AppleWebKit/537.36 (KHTML, like Gecko) Chrome/50.0.2661.102 Safari/537.36"
::1 - - [03/Jun/2016:08:04:46 +0000] "GET /favicon.ico HTTP/1.1" 200 16958 "http://localhost:8000/chat/u9s5" "Mozilla/5.0 (Windows NT 10.0; WOW64) AppleWebKit/537.36 (KHTML, like Gecko) Chrome/50.0.2661.102 Safari/537.36"
::1 - - [03/Jun/2016:08:04:56 +0000] "GET /storema/chat HTTP/1.1" 304 - "http://localhost:8000/storema/chat" "Mozilla/5.0 (Windows NT 10.0; WOW64) AppleWebKit/537.36 (KHTML, like Gecko) Chrome/50.0.2661.102 Safari/537.36"
::1 - - [03/Jun/2016:08:04:56 +0000] "GET /stylesheets/common.css HTTP/1.1" 304 - "http://localhost:8000/storema/chat" "Mozilla/5.0 (Windows NT 10.0; WOW64) AppleWebKit/537.36 (KHTML, like Gecko) Chrome/50.0.2661.102 Safari/537.36"
::1 - - [03/Jun/2016:08:04:56 +0000] "GET /stylesheets/storema.css HTTP/1.1" 304 - "http://localhost:8000/storema/chat" "Mozilla/5.0 (Windows NT 10.0; WOW64) AppleWebKit/537.36 (KHTML, like Gecko) Chrome/50.0.2661.102 Safari/537.36"
::1 - - [03/Jun/2016:08:04:56 +0000] "GET /stylesheets/bootstrap.min.css HTTP/1.1" 304 - "http://localhost:8000/storema/chat" "Mozilla/5.0 (Windows NT 10.0; WOW64) AppleWebKit/537.36 (KHTML, like Gecko) Chrome/50.0.2661.102 Safari/537.36"
::1 - - [03/Jun/2016:08:04:56 +0000] "GET /javascripts/libs/jquery-2.2.2.min.js HTTP/1.1" 304 - "http://localhost:8000/storema/chat" "Mozilla/5.0 (Windows NT 10.0; WOW64) AppleWebKit/537.36 (KHTML, like Gecko) Chrome/50.0.2661.102 Safari/537.36"
::1 - - [03/Jun/2016:08:04:56 +0000] "GET /javascripts/libs/jquery.cookie.js HTTP/1.1" 304 - "http://localhost:8000/storema/chat" "Mozilla/5.0 (Windows NT 10.0; WOW64) AppleWebKit/537.36 (KHTML, like Gecko) Chrome/50.0.2661.102 Safari/537.36"
::1 - - [03/Jun/2016:08:04:56 +0000] "GET /javascripts/chatlist.js HTTP/1.1" 304 - "http://localhost:8000/storema/chat" "Mozilla/5.0 (Windows NT 10.0; WOW64) AppleWebKit/537.36 (KHTML, like Gecko) Chrome/50.0.2661.102 Safari/537.36"
::1 - - [03/Jun/2016:08:04:56 +0000] "GET /javascripts/libs/bootstrap.min.js HTTP/1.1" 304 - "http://localhost:8000/storema/chat" "Mozilla/5.0 (Windows NT 10.0; WOW64) AppleWebKit/537.36 (KHTML, like Gecko) Chrome/50.0.2661.102 Safari/537.36"
::1 - - [03/Jun/2016:08:04:56 +0000] "GET /fonts/glyphicons-halflings-regular.woff2 HTTP/1.1" 304 - "http://localhost:8000/chat/u9s5" "Mozilla/5.0 (Windows NT 10.0; WOW64) AppleWebKit/537.36 (KHTML, like Gecko) Chrome/50.0.2661.102 Safari/537.36"
::1 - - [03/Jun/2016:08:05:26 +0000] "GET /storema/chat HTTP/1.1" 304 - "http://localhost:8000/storema/chat" "Mozilla/5.0 (Windows NT 10.0; WOW64) AppleWebKit/537.36 (KHTML, like Gecko) Chrome/50.0.2661.102 Safari/537.36"
::1 - - [03/Jun/2016:08:05:27 +0000] "GET /stylesheets/common.css HTTP/1.1" 304 - "http://localhost:8000/storema/chat" "Mozilla/5.0 (Windows NT 10.0; WOW64) AppleWebKit/537.36 (KHTML, like Gecko) Chrome/50.0.2661.102 Safari/537.36"
::1 - - [03/Jun/2016:08:05:27 +0000] "GET /stylesheets/storema.css HTTP/1.1" 304 - "http://localhost:8000/storema/chat" "Mozilla/5.0 (Windows NT 10.0; WOW64) AppleWebKit/537.36 (KHTML, like Gecko) Chrome/50.0.2661.102 Safari/537.36"
::1 - - [03/Jun/2016:08:05:27 +0000] "GET /stylesheets/bootstrap.min.css HTTP/1.1" 304 - "http://localhost:8000/storema/chat" "Mozilla/5.0 (Windows NT 10.0; WOW64) AppleWebKit/537.36 (KHTML, like Gecko) Chrome/50.0.2661.102 Safari/537.36"
::1 - - [03/Jun/2016:08:05:27 +0000] "GET /javascripts/libs/jquery-2.2.2.min.js HTTP/1.1" 304 - "http://localhost:8000/storema/chat" "Mozilla/5.0 (Windows NT 10.0; WOW64) AppleWebKit/537.36 (KHTML, like Gecko) Chrome/50.0.2661.102 Safari/537.36"
::1 - - [03/Jun/2016:08:05:27 +0000] "GET /javascripts/libs/jquery.cookie.js HTTP/1.1" 304 - "http://localhost:8000/storema/chat" "Mozilla/5.0 (Windows NT 10.0; WOW64) AppleWebKit/537.36 (KHTML, like Gecko) Chrome/50.0.2661.102 Safari/537.36"
::1 - - [03/Jun/2016:08:05:27 +0000] "GET /javascripts/chatlist.js HTTP/1.1" 304 - "http://localhost:8000/storema/chat" "Mozilla/5.0 (Windows NT 10.0; WOW64) AppleWebKit/537.36 (KHTML, like Gecko) Chrome/50.0.2661.102 Safari/537.36"
::1 - - [03/Jun/2016:08:05:27 +0000] "GET /javascripts/libs/bootstrap.min.js HTTP/1.1" 304 - "http://localhost:8000/storema/chat" "Mozilla/5.0 (Windows NT 10.0; WOW64) AppleWebKit/537.36 (KHTML, like Gecko) Chrome/50.0.2661.102 Safari/537.36"
::1 - - [03/Jun/2016:08:05:27 +0000] "GET /fonts/glyphicons-halflings-regular.woff2 HTTP/1.1" 304 - "http://localhost:8000/storema/chat" "Mozilla/5.0 (Windows NT 10.0; WOW64) AppleWebKit/537.36 (KHTML, like Gecko) Chrome/50.0.2661.102 Safari/537.36"
::1 - - [03/Jun/2016:08:05:37 +0000] "GET /chat/u8s5 HTTP/1.1" 200 1488 "http://localhost:8000/storema/chat" "Mozilla/5.0 (Windows NT 10.0; WOW64) AppleWebKit/537.36 (KHTML, like Gecko) Chrome/50.0.2661.102 Safari/537.36"
::1 - - [03/Jun/2016:08:05:37 +0000] "GET /stylesheets/chat.css HTTP/1.1" 304 - "http://localhost:8000/chat/u8s5" "Mozilla/5.0 (Windows NT 10.0; WOW64) AppleWebKit/537.36 (KHTML, like Gecko) Chrome/50.0.2661.102 Safari/537.36"
::1 - - [03/Jun/2016:08:05:37 +0000] "GET /stylesheets/bootstrap.min.css HTTP/1.1" 304 - "http://localhost:8000/chat/u8s5" "Mozilla/5.0 (Windows NT 10.0; WOW64) AppleWebKit/537.36 (KHTML, like Gecko) Chrome/50.0.2661.102 Safari/537.36"
::1 - - [03/Jun/2016:08:05:37 +0000] "GET /javascripts/libs/jquery-2.2.2.min.js HTTP/1.1" 304 - "http://localhost:8000/chat/u8s5" "Mozilla/5.0 (Windows NT 10.0; WOW64) AppleWebKit/537.36 (KHTML, like Gecko) Chrome/50.0.2661.102 Safari/537.36"
::1 - - [03/Jun/2016:08:05:37 +0000] "GET /javascripts/libs/jquery.cookie.js HTTP/1.1" 304 - "http://localhost:8000/chat/u8s5" "Mozilla/5.0 (Windows NT 10.0; WOW64) AppleWebKit/537.36 (KHTML, like Gecko) Chrome/50.0.2661.102 Safari/537.36"
::1 - - [03/Jun/2016:08:05:37 +0000] "GET /javascripts/libs/socket.io.js HTTP/1.1" 304 - "http://localhost:8000/chat/u8s5" "Mozilla/5.0 (Windows NT 10.0; WOW64) AppleWebKit/537.36 (KHTML, like Gecko) Chrome/50.0.2661.102 Safari/537.36"
::1 - - [03/Jun/2016:08:05:37 +0000] "GET /javascripts/chat.js HTTP/1.1" 304 - "http://localhost:8000/chat/u8s5" "Mozilla/5.0 (Windows NT 10.0; WOW64) AppleWebKit/537.36 (KHTML, like Gecko) Chrome/50.0.2661.102 Safari/537.36"
::1 - - [03/Jun/2016:08:05:40 +0000] "GET /chat/u1s5 HTTP/1.1" 200 1485 "http://localhost:8000/storema/chat" "Mozilla/5.0 (Windows NT 10.0; WOW64) AppleWebKit/537.36 (KHTML, like Gecko) Chrome/50.0.2661.102 Safari/537.36"
::1 - - [03/Jun/2016:08:05:40 +0000] "GET /stylesheets/chat.css HTTP/1.1" 304 - "http://localhost:8000/chat/u1s5" "Mozilla/5.0 (Windows NT 10.0; WOW64) AppleWebKit/537.36 (KHTML, like Gecko) Chrome/50.0.2661.102 Safari/537.36"
::1 - - [03/Jun/2016:08:05:40 +0000] "GET /stylesheets/bootstrap.min.css HTTP/1.1" 304 - "http://localhost:8000/chat/u1s5" "Mozilla/5.0 (Windows NT 10.0; WOW64) AppleWebKit/537.36 (KHTML, like Gecko) Chrome/50.0.2661.102 Safari/537.36"
::1 - - [03/Jun/2016:08:05:40 +0000] "GET /javascripts/libs/jquery-2.2.2.min.js HTTP/1.1" 304 - "http://localhost:8000/chat/u1s5" "Mozilla/5.0 (Windows NT 10.0; WOW64) AppleWebKit/537.36 (KHTML, like Gecko) Chrome/50.0.2661.102 Safari/537.36"
::1 - - [03/Jun/2016:08:05:40 +0000] "GET /javascripts/libs/jquery.cookie.js HTTP/1.1" 304 - "http://localhost:8000/chat/u1s5" "Mozilla/5.0 (Windows NT 10.0; WOW64) AppleWebKit/537.36 (KHTML, like Gecko) Chrome/50.0.2661.102 Safari/537.36"
::1 - - [03/Jun/2016:08:05:40 +0000] "GET /javascripts/libs/socket.io.js HTTP/1.1" 304 - "http://localhost:8000/chat/u1s5" "Mozilla/5.0 (Windows NT 10.0; WOW64) AppleWebKit/537.36 (KHTML, like Gecko) Chrome/50.0.2661.102 Safari/537.36"
::1 - - [03/Jun/2016:08:05:40 +0000] "GET /javascripts/chat.js HTTP/1.1" 304 - "http://localhost:8000/chat/u1s5" "Mozilla/5.0 (Windows NT 10.0; WOW64) AppleWebKit/537.36 (KHTML, like Gecko) Chrome/50.0.2661.102 Safari/537.36"
::1 - - [03/Jun/2016:08:05:42 +0000] "GET /chat/u2s5 HTTP/1.1" 200 2057 "http://localhost:8000/storema/chat" "Mozilla/5.0 (Windows NT 10.0; WOW64) AppleWebKit/537.36 (KHTML, like Gecko) Chrome/50.0.2661.102 Safari/537.36"
::1 - - [03/Jun/2016:08:05:42 +0000] "GET /stylesheets/chat.css HTTP/1.1" 304 - "http://localhost:8000/chat/u2s5" "Mozilla/5.0 (Windows NT 10.0; WOW64) AppleWebKit/537.36 (KHTML, like Gecko) Chrome/50.0.2661.102 Safari/537.36"
::1 - - [03/Jun/2016:08:05:42 +0000] "GET /stylesheets/bootstrap.min.css HTTP/1.1" 304 - "http://localhost:8000/chat/u2s5" "Mozilla/5.0 (Windows NT 10.0; WOW64) AppleWebKit/537.36 (KHTML, like Gecko) Chrome/50.0.2661.102 Safari/537.36"
::1 - - [03/Jun/2016:08:05:42 +0000] "GET /javascripts/libs/jquery-2.2.2.min.js HTTP/1.1" 304 - "http://localhost:8000/chat/u2s5" "Mozilla/5.0 (Windows NT 10.0; WOW64) AppleWebKit/537.36 (KHTML, like Gecko) Chrome/50.0.2661.102 Safari/537.36"
::1 - - [03/Jun/2016:08:05:42 +0000] "GET /javascripts/libs/jquery.cookie.js HTTP/1.1" 304 - "http://localhost:8000/chat/u2s5" "Mozilla/5.0 (Windows NT 10.0; WOW64) AppleWebKit/537.36 (KHTML, like Gecko) Chrome/50.0.2661.102 Safari/537.36"
::1 - - [03/Jun/2016:08:05:42 +0000] "GET /javascripts/libs/socket.io.js HTTP/1.1" 304 - "http://localhost:8000/chat/u2s5" "Mozilla/5.0 (Windows NT 10.0; WOW64) AppleWebKit/537.36 (KHTML, like Gecko) Chrome/50.0.2661.102 Safari/537.36"
::1 - - [03/Jun/2016:08:05:42 +0000] "GET /javascripts/chat.js HTTP/1.1" 304 - "http://localhost:8000/chat/u2s5" "Mozilla/5.0 (Windows NT 10.0; WOW64) AppleWebKit/537.36 (KHTML, like Gecko) Chrome/50.0.2661.102 Safari/537.36"
::1 - - [03/Jun/2016:08:05:53 +0000] "POST /storema/delchat HTTP/1.1" 200 10 "http://localhost:8000/storema/chat" "Mozilla/5.0 (Windows NT 10.0; WOW64) AppleWebKit/537.36 (KHTML, like Gecko) Chrome/50.0.2661.102 Safari/537.36"
::1 - - [03/Jun/2016:08:05:58 +0000] "GET /storema/chat HTTP/1.1" 200 6003 "http://localhost:8000/storema/chat" "Mozilla/5.0 (Windows NT 10.0; WOW64) AppleWebKit/537.36 (KHTML, like Gecko) Chrome/50.0.2661.102 Safari/537.36"
::1 - - [03/Jun/2016:08:05:58 +0000] "GET /stylesheets/common.css HTTP/1.1" 304 - "http://localhost:8000/storema/chat" "Mozilla/5.0 (Windows NT 10.0; WOW64) AppleWebKit/537.36 (KHTML, like Gecko) Chrome/50.0.2661.102 Safari/537.36"
::1 - - [03/Jun/2016:08:05:58 +0000] "GET /stylesheets/storema.css HTTP/1.1" 304 - "http://localhost:8000/storema/chat" "Mozilla/5.0 (Windows NT 10.0; WOW64) AppleWebKit/537.36 (KHTML, like Gecko) Chrome/50.0.2661.102 Safari/537.36"
::1 - - [03/Jun/2016:08:05:58 +0000] "GET /stylesheets/bootstrap.min.css HTTP/1.1" 304 - "http://localhost:8000/storema/chat" "Mozilla/5.0 (Windows NT 10.0; WOW64) AppleWebKit/537.36 (KHTML, like Gecko) Chrome/50.0.2661.102 Safari/537.36"
::1 - - [03/Jun/2016:08:05:58 +0000] "GET /javascripts/libs/jquery-2.2.2.min.js HTTP/1.1" 304 - "http://localhost:8000/storema/chat" "Mozilla/5.0 (Windows NT 10.0; WOW64) AppleWebKit/537.36 (KHTML, like Gecko) Chrome/50.0.2661.102 Safari/537.36"
::1 - - [03/Jun/2016:08:05:58 +0000] "GET /javascripts/libs/jquery.cookie.js HTTP/1.1" 304 - "http://localhost:8000/storema/chat" "Mozilla/5.0 (Windows NT 10.0; WOW64) AppleWebKit/537.36 (KHTML, like Gecko) Chrome/50.0.2661.102 Safari/537.36"
::1 - - [03/Jun/2016:08:05:58 +0000] "GET /javascripts/chatlist.js HTTP/1.1" 304 - "http://localhost:8000/storema/chat" "Mozilla/5.0 (Windows NT 10.0; WOW64) AppleWebKit/537.36 (KHTML, like Gecko) Chrome/50.0.2661.102 Safari/537.36"
::1 - - [03/Jun/2016:08:05:58 +0000] "GET /javascripts/libs/bootstrap.min.js HTTP/1.1" 304 - "http://localhost:8000/storema/chat" "Mozilla/5.0 (Windows NT 10.0; WOW64) AppleWebKit/537.36 (KHTML, like Gecko) Chrome/50.0.2661.102 Safari/537.36"
::1 - - [03/Jun/2016:08:05:59 +0000] "GET /fonts/glyphicons-halflings-regular.woff2 HTTP/1.1" 304 - "http://localhost:8000/chat/u8s5" "Mozilla/5.0 (Windows NT 10.0; WOW64) AppleWebKit/537.36 (KHTML, like Gecko) Chrome/50.0.2661.102 Safari/537.36"
::1 - - [03/Jun/2016:08:06:23 +0000] "GET / HTTP/1.1" 304 - "-" "Mozilla/5.0 (Windows NT 10.0; WOW64; rv:46.0) Gecko/20100101 Firefox/46.0"
::1 - - [03/Jun/2016:08:06:23 +0000] "GET /stylesheets/common.css HTTP/1.1" 304 - "http://localhost:8000/" "Mozilla/5.0 (Windows NT 10.0; WOW64; rv:46.0) Gecko/20100101 Firefox/46.0"
::1 - - [03/Jun/2016:08:06:23 +0000] "GET /stylesheets/bootstrap.min.css HTTP/1.1" 304 - "http://localhost:8000/" "Mozilla/5.0 (Windows NT 10.0; WOW64; rv:46.0) Gecko/20100101 Firefox/46.0"
::1 - - [03/Jun/2016:08:06:23 +0000] "GET /stylesheets/index.css HTTP/1.1" 304 - "http://localhost:8000/" "Mozilla/5.0 (Windows NT 10.0; WOW64; rv:46.0) Gecko/20100101 Firefox/46.0"
::1 - - [03/Jun/2016:08:06:23 +0000] "GET /javascripts/libs/jquery-2.2.2.min.js HTTP/1.1" 304 - "http://localhost:8000/" "Mozilla/5.0 (Windows NT 10.0; WOW64; rv:46.0) Gecko/20100101 Firefox/46.0"
::1 - - [03/Jun/2016:08:06:23 +0000] "GET /javascripts/libs/jquery.cookie.js HTTP/1.1" 304 - "http://localhost:8000/" "Mozilla/5.0 (Windows NT 10.0; WOW64; rv:46.0) Gecko/20100101 Firefox/46.0"
::1 - - [03/Jun/2016:08:06:23 +0000] "GET /javascripts/libs/bootstrap.min.js HTTP/1.1" 304 - "http://localhost:8000/" "Mozilla/5.0 (Windows NT 10.0; WOW64; rv:46.0) Gecko/20100101 Firefox/46.0"
::1 - - [03/Jun/2016:08:06:23 +0000] "GET /javascripts/index.js HTTP/1.1" 304 - "http://localhost:8000/" "Mozilla/5.0 (Windows NT 10.0; WOW64; rv:46.0) Gecko/20100101 Firefox/46.0"
::1 - - [03/Jun/2016:08:06:23 +0000] "GET /upload/2016/4/14638213418637img0.jpg HTTP/1.1" 304 - "http://localhost:8000/" "Mozilla/5.0 (Windows NT 10.0; WOW64; rv:46.0) Gecko/20100101 Firefox/46.0"
::1 - - [03/Jun/2016:08:06:23 +0000] "GET /upload/2016/4/14638212358347img0.jpg HTTP/1.1" 304 - "http://localhost:8000/" "Mozilla/5.0 (Windows NT 10.0; WOW64; rv:46.0) Gecko/20100101 Firefox/46.0"
::1 - - [03/Jun/2016:08:06:23 +0000] "GET /upload/2016/4/14638190086207img0.jpg HTTP/1.1" 304 - "http://localhost:8000/" "Mozilla/5.0 (Windows NT 10.0; WOW64; rv:46.0) Gecko/20100101 Firefox/46.0"
::1 - - [03/Jun/2016:08:06:23 +0000] "GET /upload/2016/4/14638187541877img0.jpg HTTP/1.1" 304 - "http://localhost:8000/" "Mozilla/5.0 (Windows NT 10.0; WOW64; rv:46.0) Gecko/20100101 Firefox/46.0"
::1 - - [03/Jun/2016:08:06:23 +0000] "GET /upload/2016/4/14638189175317img0.jpg HTTP/1.1" 304 - "http://localhost:8000/" "Mozilla/5.0 (Windows NT 10.0; WOW64; rv:46.0) Gecko/20100101 Firefox/46.0"
::1 - - [03/Jun/2016:08:06:23 +0000] "GET /upload/2016/4/14638186460117img0.jpg HTTP/1.1" 304 - "http://localhost:8000/" "Mozilla/5.0 (Windows NT 10.0; WOW64; rv:46.0) Gecko/20100101 Firefox/46.0"
::1 - - [03/Jun/2016:08:06:23 +0000] "GET /upload/2016/4/14638185552157img0.jpg HTTP/1.1" 304 - "http://localhost:8000/" "Mozilla/5.0 (Windows NT 10.0; WOW64; rv:46.0) Gecko/20100101 Firefox/46.0"
::1 - - [03/Jun/2016:08:06:23 +0000] "GET /upload/2016/4/14638170320917img0.jpg HTTP/1.1" 304 - "http://localhost:8000/" "Mozilla/5.0 (Windows NT 10.0; WOW64; rv:46.0) Gecko/20100101 Firefox/46.0"
::1 - - [03/Jun/2016:08:06:23 +0000] "GET /favicon.ico HTTP/1.1" 304 - "-" "Mozilla/5.0 (Windows NT 10.0; WOW64; rv:46.0) Gecko/20100101 Firefox/46.0"
::1 - - [03/Jun/2016:08:06:23 +0000] "GET /favicon.ico HTTP/1.1" 304 - "-" "Mozilla/5.0 (Windows NT 10.0; WOW64; rv:46.0) Gecko/20100101 Firefox/46.0"
::1 - - [03/Jun/2016:08:06:29 +0000] "GET /storema/chat HTTP/1.1" 304 - "http://localhost:8000/storema/chat" "Mozilla/5.0 (Windows NT 10.0; WOW64) AppleWebKit/537.36 (KHTML, like Gecko) Chrome/50.0.2661.102 Safari/537.36"
::1 - - [03/Jun/2016:08:06:29 +0000] "GET /stylesheets/common.css HTTP/1.1" 304 - "http://localhost:8000/storema/chat" "Mozilla/5.0 (Windows NT 10.0; WOW64) AppleWebKit/537.36 (KHTML, like Gecko) Chrome/50.0.2661.102 Safari/537.36"
::1 - - [03/Jun/2016:08:06:29 +0000] "GET /stylesheets/storema.css HTTP/1.1" 304 - "http://localhost:8000/storema/chat" "Mozilla/5.0 (Windows NT 10.0; WOW64) AppleWebKit/537.36 (KHTML, like Gecko) Chrome/50.0.2661.102 Safari/537.36"
::1 - - [03/Jun/2016:08:06:29 +0000] "GET /stylesheets/bootstrap.min.css HTTP/1.1" 304 - "http://localhost:8000/storema/chat" "Mozilla/5.0 (Windows NT 10.0; WOW64) AppleWebKit/537.36 (KHTML, like Gecko) Chrome/50.0.2661.102 Safari/537.36"
::1 - - [03/Jun/2016:08:06:29 +0000] "GET /javascripts/libs/jquery-2.2.2.min.js HTTP/1.1" 304 - "http://localhost:8000/storema/chat" "Mozilla/5.0 (Windows NT 10.0; WOW64) AppleWebKit/537.36 (KHTML, like Gecko) Chrome/50.0.2661.102 Safari/537.36"
::1 - - [03/Jun/2016:08:06:29 +0000] "GET /javascripts/libs/jquery.cookie.js HTTP/1.1" 304 - "http://localhost:8000/storema/chat" "Mozilla/5.0 (Windows NT 10.0; WOW64) AppleWebKit/537.36 (KHTML, like Gecko) Chrome/50.0.2661.102 Safari/537.36"
::1 - - [03/Jun/2016:08:06:29 +0000] "GET /javascripts/chatlist.js HTTP/1.1" 304 - "http://localhost:8000/storema/chat" "Mozilla/5.0 (Windows NT 10.0; WOW64) AppleWebKit/537.36 (KHTML, like Gecko) Chrome/50.0.2661.102 Safari/537.36"
::1 - - [03/Jun/2016:08:06:29 +0000] "GET /javascripts/libs/bootstrap.min.js HTTP/1.1" 304 - "http://localhost:8000/storema/chat" "Mozilla/5.0 (Windows NT 10.0; WOW64) AppleWebKit/537.36 (KHTML, like Gecko) Chrome/50.0.2661.102 Safari/537.36"
::1 - - [03/Jun/2016:08:06:29 +0000] "GET /store?sid=5 HTTP/1.1" 404 18 "http://localhost:8000/" "Mozilla/5.0 (Windows NT 10.0; WOW64; rv:46.0) Gecko/20100101 Firefox/46.0"
::1 - - [03/Jun/2016:08:06:29 +0000] "GET /fonts/glyphicons-halflings-regular.woff2 HTTP/1.1" 304 - "http://localhost:8000/storema/chat" "Mozilla/5.0 (Windows NT 10.0; WOW64) AppleWebKit/537.36 (KHTML, like Gecko) Chrome/50.0.2661.102 Safari/537.36"
::1 - - [03/Jun/2016:08:06:29 +0000] "GET /favicon.ico HTTP/1.1" 304 - "-" "Mozilla/5.0 (Windows NT 10.0; WOW64; rv:46.0) Gecko/20100101 Firefox/46.0"
::1 - - [03/Jun/2016:08:06:29 +0000] "GET /favicon.ico HTTP/1.1" 304 - "-" "Mozilla/5.0 (Windows NT 10.0; WOW64; rv:46.0) Gecko/20100101 Firefox/46.0"
::1 - - [03/Jun/2016:08:06:31 +0000] "GET /favicon.ico HTTP/1.1" 304 - "-" "Mozilla/5.0 (Windows NT 10.0; WOW64; rv:46.0) Gecko/20100101 Firefox/46.0"
::1 - - [03/Jun/2016:08:06:31 +0000] "GET /favicon.ico HTTP/1.1" 304 - "-" "Mozilla/5.0 (Windows NT 10.0; WOW64; rv:46.0) Gecko/20100101 Firefox/46.0"
::1 - - [03/Jun/2016:08:06:34 +0000] "GET /goods?gid=76 HTTP/1.1" 200 6546 "http://localhost:8000/" "Mozilla/5.0 (Windows NT 10.0; WOW64; rv:46.0) Gecko/20100101 Firefox/46.0"
::1 - - [03/Jun/2016:08:06:34 +0000] "GET /stylesheets/common.css HTTP/1.1" 304 - "http://localhost:8000/goods?gid=76" "Mozilla/5.0 (Windows NT 10.0; WOW64; rv:46.0) Gecko/20100101 Firefox/46.0"
::1 - - [03/Jun/2016:08:06:34 +0000] "GET /stylesheets/bootstrap.min.css HTTP/1.1" 304 - "http://localhost:8000/goods?gid=76" "Mozilla/5.0 (Windows NT 10.0; WOW64; rv:46.0) Gecko/20100101 Firefox/46.0"
::1 - - [03/Jun/2016:08:06:34 +0000] "GET /javascripts/libs/jquery-2.2.2.min.js HTTP/1.1" 304 - "http://localhost:8000/goods?gid=76" "Mozilla/5.0 (Windows NT 10.0; WOW64; rv:46.0) Gecko/20100101 Firefox/46.0"
::1 - - [03/Jun/2016:08:06:34 +0000] "GET /javascripts/libs/jquery.cookie.js HTTP/1.1" 304 - "http://localhost:8000/goods?gid=76" "Mozilla/5.0 (Windows NT 10.0; WOW64; rv:46.0) Gecko/20100101 Firefox/46.0"
::1 - - [03/Jun/2016:08:06:34 +0000] "GET /javascripts/libs/bootstrap.min.js HTTP/1.1" 304 - "http://localhost:8000/goods?gid=76" "Mozilla/5.0 (Windows NT 10.0; WOW64; rv:46.0) Gecko/20100101 Firefox/46.0"
::1 - - [03/Jun/2016:08:06:34 +0000] "GET /stylesheets/goods.css HTTP/1.1" 304 - "http://localhost:8000/goods?gid=76" "Mozilla/5.0 (Windows NT 10.0; WOW64; rv:46.0) Gecko/20100101 Firefox/46.0"
::1 - - [03/Jun/2016:08:06:34 +0000] "GET /javascripts/libs/socket.io.js HTTP/1.1" 304 - "http://localhost:8000/goods?gid=76" "Mozilla/5.0 (Windows NT 10.0; WOW64; rv:46.0) Gecko/20100101 Firefox/46.0"
::1 - - [03/Jun/2016:08:06:34 +0000] "GET /javascripts/goods.js HTTP/1.1" 304 - "http://localhost:8000/goods?gid=76" "Mozilla/5.0 (Windows NT 10.0; WOW64; rv:46.0) Gecko/20100101 Firefox/46.0"
::1 - - [03/Jun/2016:08:06:34 +0000] "GET /images/upload/store.jpg HTTP/1.1" 304 - "http://localhost:8000/goods?gid=76" "Mozilla/5.0 (Windows NT 10.0; WOW64; rv:46.0) Gecko/20100101 Firefox/46.0"
::1 - - [03/Jun/2016:08:06:34 +0000] "GET /upload/2016/4/14638213418637img0.jpg HTTP/1.1" 304 - "http://localhost:8000/goods?gid=76" "Mozilla/5.0 (Windows NT 10.0; WOW64; rv:46.0) Gecko/20100101 Firefox/46.0"
::1 - - [03/Jun/2016:08:06:34 +0000] "GET /fonts/glyphicons-halflings-regular.woff2 HTTP/1.1" 304 - "http://localhost:8000/stylesheets/bootstrap.min.css" "Mozilla/5.0 (Windows NT 10.0; WOW64; rv:46.0) Gecko/20100101 Firefox/46.0"
::1 - - [03/Jun/2016:08:06:34 +0000] "GET /favicon.ico HTTP/1.1" 304 - "-" "Mozilla/5.0 (Windows NT 10.0; WOW64; rv:46.0) Gecko/20100101 Firefox/46.0"
::1 - - [03/Jun/2016:08:06:34 +0000] "GET /favicon.ico HTTP/1.1" 304 - "-" "Mozilla/5.0 (Windows NT 10.0; WOW64; rv:46.0) Gecko/20100101 Firefox/46.0"
::1 - - [03/Jun/2016:08:06:37 +0000] "GET /chat/u9s5 HTTP/1.1" 200 1251 "http://localhost:8000/goods?gid=76" "Mozilla/5.0 (Windows NT 10.0; WOW64; rv:46.0) Gecko/20100101 Firefox/46.0"
::1 - - [03/Jun/2016:08:06:37 +0000] "GET /stylesheets/bootstrap.min.css HTTP/1.1" 304 - "http://localhost:8000/chat/u9s5" "Mozilla/5.0 (Windows NT 10.0; WOW64; rv:46.0) Gecko/20100101 Firefox/46.0"
::1 - - [03/Jun/2016:08:06:37 +0000] "GET /javascripts/libs/jquery-2.2.2.min.js HTTP/1.1" 304 - "http://localhost:8000/chat/u9s5" "Mozilla/5.0 (Windows NT 10.0; WOW64; rv:46.0) Gecko/20100101 Firefox/46.0"
::1 - - [03/Jun/2016:08:06:37 +0000] "GET /javascripts/libs/jquery.cookie.js HTTP/1.1" 304 - "http://localhost:8000/chat/u9s5" "Mozilla/5.0 (Windows NT 10.0; WOW64; rv:46.0) Gecko/20100101 Firefox/46.0"
::1 - - [03/Jun/2016:08:06:37 +0000] "GET /javascripts/libs/socket.io.js HTTP/1.1" 304 - "http://localhost:8000/chat/u9s5" "Mozilla/5.0 (Windows NT 10.0; WOW64; rv:46.0) Gecko/20100101 Firefox/46.0"
::1 - - [03/Jun/2016:08:06:37 +0000] "GET /stylesheets/chat.css HTTP/1.1" 304 - "http://localhost:8000/chat/u9s5" "Mozilla/5.0 (Windows NT 10.0; WOW64; rv:46.0) Gecko/20100101 Firefox/46.0"
::1 - - [03/Jun/2016:08:06:37 +0000] "GET /javascripts/chat.js HTTP/1.1" 304 - "http://localhost:8000/chat/u9s5" "Mozilla/5.0 (Windows NT 10.0; WOW64; rv:46.0) Gecko/20100101 Firefox/46.0"
::1 - - [03/Jun/2016:08:06:37 +0000] "GET /favicon.ico HTTP/1.1" 304 - "-" "Mozilla/5.0 (Windows NT 10.0; WOW64; rv:46.0) Gecko/20100101 Firefox/46.0"
::1 - - [03/Jun/2016:08:06:37 +0000] "GET /favicon.ico HTTP/1.1" 304 - "-" "Mozilla/5.0 (Windows NT 10.0; WOW64; rv:46.0) Gecko/20100101 Firefox/46.0"
::1 - - [03/Jun/2016:08:06:46 +0000] "GET /storema/chat HTTP/1.1" 200 6577 "http://localhost:8000/storema/chat" "Mozilla/5.0 (Windows NT 10.0; WOW64) AppleWebKit/537.36 (KHTML, like Gecko) Chrome/50.0.2661.102 Safari/537.36"
::1 - - [03/Jun/2016:08:06:46 +0000] "GET /stylesheets/common.css HTTP/1.1" 304 - "http://localhost:8000/storema/chat" "Mozilla/5.0 (Windows NT 10.0; WOW64) AppleWebKit/537.36 (KHTML, like Gecko) Chrome/50.0.2661.102 Safari/537.36"
::1 - - [03/Jun/2016:08:06:46 +0000] "GET /stylesheets/storema.css HTTP/1.1" 304 - "http://localhost:8000/storema/chat" "Mozilla/5.0 (Windows NT 10.0; WOW64) AppleWebKit/537.36 (KHTML, like Gecko) Chrome/50.0.2661.102 Safari/537.36"
::1 - - [03/Jun/2016:08:06:46 +0000] "GET /stylesheets/bootstrap.min.css HTTP/1.1" 304 - "http://localhost:8000/storema/chat" "Mozilla/5.0 (Windows NT 10.0; WOW64) AppleWebKit/537.36 (KHTML, like Gecko) Chrome/50.0.2661.102 Safari/537.36"
::1 - - [03/Jun/2016:08:06:46 +0000] "GET /javascripts/libs/jquery-2.2.2.min.js HTTP/1.1" 304 - "http://localhost:8000/storema/chat" "Mozilla/5.0 (Windows NT 10.0; WOW64) AppleWebKit/537.36 (KHTML, like Gecko) Chrome/50.0.2661.102 Safari/537.36"
::1 - - [03/Jun/2016:08:06:46 +0000] "GET /javascripts/libs/jquery.cookie.js HTTP/1.1" 304 - "http://localhost:8000/storema/chat" "Mozilla/5.0 (Windows NT 10.0; WOW64) AppleWebKit/537.36 (KHTML, like Gecko) Chrome/50.0.2661.102 Safari/537.36"
::1 - - [03/Jun/2016:08:06:46 +0000] "GET /javascripts/chatlist.js HTTP/1.1" 304 - "http://localhost:8000/storema/chat" "Mozilla/5.0 (Windows NT 10.0; WOW64) AppleWebKit/537.36 (KHTML, like Gecko) Chrome/50.0.2661.102 Safari/537.36"
::1 - - [03/Jun/2016:08:06:46 +0000] "GET /javascripts/libs/bootstrap.min.js HTTP/1.1" 304 - "http://localhost:8000/storema/chat" "Mozilla/5.0 (Windows NT 10.0; WOW64) AppleWebKit/537.36 (KHTML, like Gecko) Chrome/50.0.2661.102 Safari/537.36"
::1 - - [03/Jun/2016:08:06:46 +0000] "GET /fonts/glyphicons-halflings-regular.woff2 HTTP/1.1" 304 - "http://localhost:8000/storema/chat" "Mozilla/5.0 (Windows NT 10.0; WOW64) AppleWebKit/537.36 (KHTML, like Gecko) Chrome/50.0.2661.102 Safari/537.36"
::1 - - [03/Jun/2016:08:06:46 +0000] "GET /favicon.ico HTTP/1.1" 200 16958 "http://localhost:8000/storema/chat" "Mozilla/5.0 (Windows NT 10.0; WOW64) AppleWebKit/537.36 (KHTML, like Gecko) Chrome/50.0.2661.102 Safari/537.36"
::1 - - [03/Jun/2016:08:06:47 +0000] "GET /chat/u9s5 HTTP/1.1" 200 1489 "http://localhost:8000/storema/chat" "Mozilla/5.0 (Windows NT 10.0; WOW64) AppleWebKit/537.36 (KHTML, like Gecko) Chrome/50.0.2661.102 Safari/537.36"
::1 - - [03/Jun/2016:08:06:47 +0000] "GET /stylesheets/chat.css HTTP/1.1" 304 - "http://localhost:8000/chat/u9s5" "Mozilla/5.0 (Windows NT 10.0; WOW64) AppleWebKit/537.36 (KHTML, like Gecko) Chrome/50.0.2661.102 Safari/537.36"
::1 - - [03/Jun/2016:08:06:47 +0000] "GET /stylesheets/bootstrap.min.css HTTP/1.1" 304 - "http://localhost:8000/chat/u9s5" "Mozilla/5.0 (Windows NT 10.0; WOW64) AppleWebKit/537.36 (KHTML, like Gecko) Chrome/50.0.2661.102 Safari/537.36"
::1 - - [03/Jun/2016:08:06:47 +0000] "GET /javascripts/libs/jquery-2.2.2.min.js HTTP/1.1" 304 - "http://localhost:8000/chat/u9s5" "Mozilla/5.0 (Windows NT 10.0; WOW64) AppleWebKit/537.36 (KHTML, like Gecko) Chrome/50.0.2661.102 Safari/537.36"
::1 - - [03/Jun/2016:08:06:47 +0000] "GET /javascripts/libs/jquery.cookie.js HTTP/1.1" 304 - "http://localhost:8000/chat/u9s5" "Mozilla/5.0 (Windows NT 10.0; WOW64) AppleWebKit/537.36 (KHTML, like Gecko) Chrome/50.0.2661.102 Safari/537.36"
::1 - - [03/Jun/2016:08:06:47 +0000] "GET /javascripts/libs/socket.io.js HTTP/1.1" 304 - "http://localhost:8000/chat/u9s5" "Mozilla/5.0 (Windows NT 10.0; WOW64) AppleWebKit/537.36 (KHTML, like Gecko) Chrome/50.0.2661.102 Safari/537.36"
::1 - - [03/Jun/2016:08:06:47 +0000] "GET /javascripts/chat.js HTTP/1.1" 304 - "http://localhost:8000/chat/u9s5" "Mozilla/5.0 (Windows NT 10.0; WOW64) AppleWebKit/537.36 (KHTML, like Gecko) Chrome/50.0.2661.102 Safari/537.36"
::1 - - [03/Jun/2016:08:06:53 +0000] "GET /chat/u9s5 HTTP/1.1" 200 1679 "http://localhost:8000/storema/chat" "Mozilla/5.0 (Windows NT 10.0; WOW64) AppleWebKit/537.36 (KHTML, like Gecko) Chrome/50.0.2661.102 Safari/537.36"
::1 - - [03/Jun/2016:08:06:53 +0000] "GET /stylesheets/chat.css HTTP/1.1" 304 - "http://localhost:8000/chat/u9s5" "Mozilla/5.0 (Windows NT 10.0; WOW64) AppleWebKit/537.36 (KHTML, like Gecko) Chrome/50.0.2661.102 Safari/537.36"
::1 - - [03/Jun/2016:08:06:53 +0000] "GET /stylesheets/bootstrap.min.css HTTP/1.1" 304 - "http://localhost:8000/chat/u9s5" "Mozilla/5.0 (Windows NT 10.0; WOW64) AppleWebKit/537.36 (KHTML, like Gecko) Chrome/50.0.2661.102 Safari/537.36"
::1 - - [03/Jun/2016:08:06:53 +0000] "GET /javascripts/libs/jquery-2.2.2.min.js HTTP/1.1" 304 - "http://localhost:8000/chat/u9s5" "Mozilla/5.0 (Windows NT 10.0; WOW64) AppleWebKit/537.36 (KHTML, like Gecko) Chrome/50.0.2661.102 Safari/537.36"
::1 - - [03/Jun/2016:08:06:53 +0000] "GET /javascripts/libs/jquery.cookie.js HTTP/1.1" 304 - "http://localhost:8000/chat/u9s5" "Mozilla/5.0 (Windows NT 10.0; WOW64) AppleWebKit/537.36 (KHTML, like Gecko) Chrome/50.0.2661.102 Safari/537.36"
::1 - - [03/Jun/2016:08:06:53 +0000] "GET /javascripts/libs/socket.io.js HTTP/1.1" 304 - "http://localhost:8000/chat/u9s5" "Mozilla/5.0 (Windows NT 10.0; WOW64) AppleWebKit/537.36 (KHTML, like Gecko) Chrome/50.0.2661.102 Safari/537.36"
::1 - - [03/Jun/2016:08:06:53 +0000] "GET /javascripts/chat.js HTTP/1.1" 304 - "http://localhost:8000/chat/u9s5" "Mozilla/5.0 (Windows NT 10.0; WOW64) AppleWebKit/537.36 (KHTML, like Gecko) Chrome/50.0.2661.102 Safari/537.36"
